This is pdfTeX, Version 3.1415926-1.40.10 (TeX Live 2009/Debian) (format=pdflatex 2011.4.9)  16 JUL 2011 18:18
entering extended mode
 %&-line parsing enabled.
**resumen.tex
(./resumen.tex
LaTeX2e <2009/09/24>
Babel <v3.8l> and hyphenation patterns for english, usenglishmax, dumylang, noh
yphenation, loaded.

! LaTeX Error: Environment abstract undefined.

See the LaTeX manual or LaTeX Companion for explanation.
Type  H <return>  for immediate help.
 ...                                              
                                                  
l.1 \begin{abstract}
                    
Your command was ignored.
Type  I <command> <return>  to replace it with another command,
or  <return>  to continue without it.

! Undefined control sequence.
l.3 \dsp
        
The control sequence at the end of the top line
of your error message was never \def'ed. If you have
misspelled it (e.g., `\hobx'), type `I' and the correct
spelling (e.g., `I\hbox'). Otherwise just continue,
and I'll forget about whatever was undefined.


! LaTeX Error: Missing \begin{document}.

See the LaTeX manual or LaTeX Companion for explanation.
Type  H <return>  for immediate help.
 ...                                              
                                                  
l.5 E
     l presente documento describe el prototipo Recarga F\'acil por Radio Fr...

You're in trouble here.  Try typing  <return>  to proceed.
If that doesn't work, type  X <return>  to quit.

LaTeX Font Info:    External font `cmex10' loaded for size
(Font)              <7> on input line 5.
LaTeX Font Info:    External font `cmex10' loaded for size
(Font)              <5> on input line 5.

Overfull \hbox (29.33884pt too wide) in paragraph at lines 5--7
[]\OT1/cmr/m/it/10 El
 []


Overfull \hbox (16.9943pt too wide) in paragraph at lines 5--7
\OT1/cmr/m/it/10 pre-
 []


Overfull \hbox (22.23317pt too wide) in paragraph at lines 5--7
\OT1/cmr/m/it/10 sente
 []


Overfull \hbox (17.88875pt too wide) in paragraph at lines 5--7
\OT1/cmr/m/it/10 doc-
 []


Overfull \hbox (8.94438pt too wide) in paragraph at lines 5--7
\OT1/cmr/m/it/10 u-
 []


Overfull \hbox (26.83316pt too wide) in paragraph at lines 5--7
\OT1/cmr/m/it/10 mento
 []


Overfull \hbox (13.28879pt too wide) in paragraph at lines 5--7
\OT1/cmr/m/it/10 de-
 []


Overfull \hbox (24.6609pt too wide) in paragraph at lines 5--7
\OT1/cmr/m/it/10 scribe
 []


Overfull \hbox (7.1555pt too wide) in paragraph at lines 5--7
\OT1/cmr/m/it/10 el
 []


Overfull \hbox (17.50542pt too wide) in paragraph at lines 5--7
\OT1/cmr/m/it/10 pro-
 []


Overfull \hbox (24.53316pt too wide) in paragraph at lines 5--7
\OT1/cmr/m/it/10 totipo
 []


Overfull \hbox (14.96098pt too wide) in paragraph at lines 5--7
\OT1/cmr/m/it/10 Re-
 []


Overfull \hbox (22.61647pt too wide) in paragraph at lines 5--7
\OT1/cmr/m/it/10 carga
 []


Overfull \hbox (21.86096pt too wide) in paragraph at lines 5--7
\OT1/cmr/m/it/10 F^^Sacil
 []


Overfull \hbox (13.92767pt too wide) in paragraph at lines 5--7
\OT1/cmr/m/it/10 por
 []


Overfull \hbox (15.4721pt too wide) in paragraph at lines 5--7
\OT1/cmr/m/it/10 Ra-
 []


Overfull \hbox (13.28882pt too wide) in paragraph at lines 5--7
\OT1/cmr/m/it/10 dio
 []


Overfull \hbox (17.64427pt too wide) in paragraph at lines 5--7
\OT1/cmr/m/it/10 Fre-
 []


Overfull \hbox (23.7665pt too wide) in paragraph at lines 5--7
\OT1/cmr/m/it/10 cuen-
 []


Overfull \hbox (15.84435pt too wide) in paragraph at lines 5--7
\OT1/cmr/m/it/10 cia,
 []


Overfull \hbox (23.04239pt too wide) in paragraph at lines 5--7
\OML/cmm/m/it/10 RF[]$\OT1/cmr/m/it/10 .
 []


Overfull \hbox (9.33884pt too wide) in paragraph at lines 5--7
\OT1/cmr/m/it/10 El
 []


Overfull \hbox (28.62207pt too wide) in paragraph at lines 5--7
\OT1/cmr/m/it/10 mismo
 []


Overfull \hbox (18.39986pt too wide) in paragraph at lines 5--7
\OT1/cmr/m/it/10 con-
 []


Overfull \hbox (19.16653pt too wide) in paragraph at lines 5--7
\OT1/cmr/m/it/10 siste
 []


Overfull \hbox (10.22215pt too wide) in paragraph at lines 5--7
\OT1/cmr/m/it/10 en
 []


Overfull \hbox (10.98883pt too wide) in paragraph at lines 5--7
\OT1/cmr/m/it/10 un
 []


Overfull \hbox (14.82213pt too wide) in paragraph at lines 5--7
\OT1/cmr/m/it/10 sis-
 []


Overfull \hbox (21.21097pt too wide) in paragraph at lines 5--7
\OT1/cmr/m/it/10 tema
 []


Overfull \hbox (18.52763pt too wide) in paragraph at lines 5--7
\OT1/cmr/m/it/10 para
 []


Overfull \hbox (11.88321pt too wide) in paragraph at lines 5--7
\OT1/cmr/m/it/10 re-
 []


Overfull \hbox (22.61647pt too wide) in paragraph at lines 5--7
\OT1/cmr/m/it/10 carga
 []


Overfull \hbox (4.85551pt too wide) in paragraph at lines 5--7
\OT1/cmr/m/it/10 y
 []


Overfull \hbox (18.39986pt too wide) in paragraph at lines 5--7
\OT1/cmr/m/it/10 con-
 []


Overfull \hbox (20.44432pt too wide) in paragraph at lines 5--7
\OT1/cmr/m/it/10 sulta
 []


Overfull \hbox (9.71104pt too wide) in paragraph at lines 5--7
\OT1/cmr/m/it/10 de
 []


Overfull \hbox (16.22765pt too wide) in paragraph at lines 5--7
\OT1/cmr/m/it/10 tar-
 []


Overfull \hbox (11.24435pt too wide) in paragraph at lines 5--7
\OT1/cmr/m/it/10 je-
 []


Overfull \hbox (12.52214pt too wide) in paragraph at lines 5--7
\OT1/cmr/m/it/10 tas
 []


Overfull \hbox (25.2276pt too wide) in paragraph at lines 5--7
\OT1/cmr/m/it/10 RFID
 []


Overfull \hbox (22.48874pt too wide) in paragraph at lines 5--7
\OT1/cmr/m/it/10 como
 []


Overfull \hbox (11.7555pt too wide) in paragraph at lines 5--7
\OT1/cmr/m/it/10 las
 []


Overfull \hbox (14.56656pt too wide) in paragraph at lines 5--7
\OT1/cmr/m/it/10 que
 []


Overfull \hbox (8.68883pt too wide) in paragraph at lines 5--7
\OT1/cmr/m/it/10 se
 []


Overfull \hbox (15.33322pt too wide) in paragraph at lines 5--7
\OT1/cmr/m/it/10 uti-
 []


Overfull \hbox (20.44434pt too wide) in paragraph at lines 5--7
\OT1/cmr/m/it/10 lizan
 []


Overfull \hbox (15.07768pt too wide) in paragraph at lines 5--7
\OT1/cmr/m/it/10 hoy
 []


Overfull \hbox (13.28882pt too wide) in paragraph at lines 5--7
\OT1/cmr/m/it/10 d^^S^^Pa
 []


Overfull \hbox (10.22215pt too wide) in paragraph at lines 5--7
\OT1/cmr/m/it/10 en
 []


Overfull \hbox (7.1555pt too wide) in paragraph at lines 5--7
\OT1/cmr/m/it/10 el
 []


Overfull \hbox (14.82213pt too wide) in paragraph at lines 5--7
\OT1/cmr/m/it/10 sis-
 []


Overfull \hbox (21.21097pt too wide) in paragraph at lines 5--7
\OT1/cmr/m/it/10 tema
 []


Overfull \hbox (9.71104pt too wide) in paragraph at lines 5--7
\OT1/cmr/m/it/10 de
 []


Overfull \hbox (25.42758pt too wide) in paragraph at lines 5--7
\OT1/cmr/m/it/10 trans-
 []


Overfull \hbox (21.84982pt too wide) in paragraph at lines 5--7
\OT1/cmr/m/it/10 porte
 []


Overfull \hbox (43.82745pt too wide) in paragraph at lines 5--7
\OT1/cmr/m/it/10 metropoli-
 []


Overfull \hbox (19.16655pt too wide) in paragraph at lines 5--7
\OT1/cmr/m/it/10 tano
 []


Overfull \hbox (32.9887pt too wide) in paragraph at lines 5--7
\OT1/cmr/m/it/10 (STM). 
 []


! LaTeX Error: Missing \begin{document}.

See the LaTeX manual or LaTeX Companion for explanation.
Type  H <return>  for immediate help.
 ...                                              
                                                  
l.9 E
     l prototipo es r\'apido y posee una interfaz de comunicaci\'on con el u...

You're in trouble here.  Try typing  <return>  to proceed.
If that doesn't work, type  X <return>  to quit.


Overfull \hbox (29.33884pt too wide) in paragraph at lines 9--10
[]\OT1/cmr/m/it/10 El
 []


Overfull \hbox (17.50542pt too wide) in paragraph at lines 9--10
\OT1/cmr/m/it/10 pro-
 []


Overfull \hbox (24.53316pt too wide) in paragraph at lines 9--10
\OT1/cmr/m/it/10 totipo
 []


Overfull \hbox (8.68883pt too wide) in paragraph at lines 9--10
\OT1/cmr/m/it/10 es
 []


Overfull \hbox (27.72762pt too wide) in paragraph at lines 9--10
\OT1/cmr/m/it/10 r^^Sapido
 []


Overfull \hbox (4.85551pt too wide) in paragraph at lines 9--10
\OT1/cmr/m/it/10 y
 []


Overfull \hbox (22.48871pt too wide) in paragraph at lines 9--10
\OT1/cmr/m/it/10 posee
 []


Overfull \hbox (16.09991pt too wide) in paragraph at lines 9--10
\OT1/cmr/m/it/10 una
 []


Overfull \hbox (12.26659pt too wide) in paragraph at lines 9--10
\OT1/cmr/m/it/10 in-
 []


Overfull \hbox (15.71652pt too wide) in paragraph at lines 9--10
\OT1/cmr/m/it/10 ter-
 []


Overfull \hbox (12.2666pt too wide) in paragraph at lines 9--10
\OT1/cmr/m/it/10 faz
 []


Overfull \hbox (9.71104pt too wide) in paragraph at lines 9--10
\OT1/cmr/m/it/10 de
 []


Overfull \hbox (12.77766pt too wide) in paragraph at lines 9--10
\OT1/cmr/m/it/10 co-
 []


Overfull \hbox (17.12212pt too wide) in paragraph at lines 9--10
\OT1/cmr/m/it/10 mu-
 []


Overfull \hbox (12.26659pt too wide) in paragraph at lines 9--10
\OT1/cmr/m/it/10 ni-
 []


Overfull \hbox (27.59981pt too wide) in paragraph at lines 9--10
\OT1/cmr/m/it/10 caci^^Son
 []


Overfull \hbox (14.82211pt too wide) in paragraph at lines 9--10
\OT1/cmr/m/it/10 con
 []


Overfull \hbox (7.1555pt too wide) in paragraph at lines 9--10
\OT1/cmr/m/it/10 el
 []


Overfull \hbox (32.32759pt too wide) in paragraph at lines 9--10
\OT1/cmr/m/it/10 usuario
 []


Overfull \hbox (18.52763pt too wide) in paragraph at lines 9--10
\OT1/cmr/m/it/10 para
 []


Overfull \hbox (14.56656pt too wide) in paragraph at lines 9--10
\OT1/cmr/m/it/10 que
 []


Overfull \hbox (7.1555pt too wide) in paragraph at lines 9--10
\OT1/cmr/m/it/10 el
 []


Overfull \hbox (28.62207pt too wide) in paragraph at lines 9--10
\OT1/cmr/m/it/10 mismo
 []


Overfull \hbox (20.9554pt too wide) in paragraph at lines 9--10
\OT1/cmr/m/it/10 com-
 []


Overfull \hbox (29.26091pt too wide) in paragraph at lines 9--10
\OT1/cmr/m/it/10 prenda
 []


Overfull \hbox (12.77771pt too wide) in paragraph at lines 9--10
\OT1/cmr/m/it/10 sin
 []


Overfull \hbox (22.10538pt too wide) in paragraph at lines 9--10
\OT1/cmr/m/it/10 prob-
 []


Overfull \hbox (10.73325pt too wide) in paragraph at lines 9--10
\OT1/cmr/m/it/10 le-
 []


Overfull \hbox (17.37769pt too wide) in paragraph at lines 9--10
\OT1/cmr/m/it/10 mas
 []


Overfull \hbox (14.56656pt too wide) in paragraph at lines 9--10
\OT1/cmr/m/it/10 que
 []


Overfull \hbox (8.68883pt too wide) in paragraph at lines 9--10
\OT1/cmr/m/it/10 es
 []


Overfull \hbox (7.66663pt too wide) in paragraph at lines 9--10
\OT1/cmr/m/it/10 lo
 []


Overfull \hbox (14.56656pt too wide) in paragraph at lines 9--10
\OT1/cmr/m/it/10 que
 []


Overfull \hbox (17.1221pt too wide) in paragraph at lines 9--10
\OT1/cmr/m/it/10 est^^Sa
 []


Overfull \hbox (30.92197pt too wide) in paragraph at lines 9--10
\OT1/cmr/m/it/10 sucede-
 []


Overfull \hbox (11.75548pt too wide) in paragraph at lines 9--10
\OT1/cmr/m/it/10 di-
 []


Overfull \hbox (23.51097pt too wide) in paragraph at lines 9--10
\OT1/cmr/m/it/10 endo. 
 []


! LaTeX Error: Missing \begin{document}.

See the LaTeX manual or LaTeX Companion for explanation.
Type  H <return>  for immediate help.
 ...                                              
                                                  
l.12 E
      l hardware, consiste en una single board computer (BeagleBoard), un le...

You're in trouble here.  Try typing  <return>  to proceed.
If that doesn't work, type  X <return>  to quit.


Overfull \hbox (29.33884pt too wide) in paragraph at lines 12--13
[]\OT1/cmr/m/it/10 El
 []


Overfull \hbox (22.6165pt too wide) in paragraph at lines 12--13
\OT1/cmr/m/it/10 hard-
 []


Overfull \hbox (23.12761pt too wide) in paragraph at lines 12--13
\OT1/cmr/m/it/10 ware,
 []


Overfull \hbox (18.39986pt too wide) in paragraph at lines 12--13
\OT1/cmr/m/it/10 con-
 []


Overfull \hbox (19.16653pt too wide) in paragraph at lines 12--13
\OT1/cmr/m/it/10 siste
 []


Overfull \hbox (10.22215pt too wide) in paragraph at lines 12--13
\OT1/cmr/m/it/10 en
 []


Overfull \hbox (16.09991pt too wide) in paragraph at lines 12--13
\OT1/cmr/m/it/10 una
 []


Overfull \hbox (16.35545pt too wide) in paragraph at lines 12--13
\OT1/cmr/m/it/10 sin-
 []


Overfull \hbox (11.75546pt too wide) in paragraph at lines 12--13
\OT1/cmr/m/it/10 gle
 []


Overfull \hbox (22.61647pt too wide) in paragraph at lines 12--13
\OT1/cmr/m/it/10 board
 []


Overfull \hbox (20.9554pt too wide) in paragraph at lines 12--13
\OT1/cmr/m/it/10 com-
 []


Overfull \hbox (22.6165pt too wide) in paragraph at lines 12--13
\OT1/cmr/m/it/10 puter
 []


Overfull \hbox (23.90538pt too wide) in paragraph at lines 12--13
\OT1/cmr/m/it/10 (Bea-
 []


Overfull \hbox (15.3332pt too wide) in paragraph at lines 12--13
\OT1/cmr/m/it/10 gle-
 []


Overfull \hbox (32.722pt too wide) in paragraph at lines 12--13
\OT1/cmr/m/it/10 Board),
 []


Overfull \hbox (10.98883pt too wide) in paragraph at lines 12--13
\OT1/cmr/m/it/10 un
 []


Overfull \hbox (14.82208pt too wide) in paragraph at lines 12--13
\OT1/cmr/m/it/10 lec-
 []


Overfull \hbox (12.6499pt too wide) in paragraph at lines 12--13
\OT1/cmr/m/it/10 tor
 []


Overfull \hbox (9.71104pt too wide) in paragraph at lines 12--13
\OT1/cmr/m/it/10 de
 []


Overfull \hbox (16.22765pt too wide) in paragraph at lines 12--13
\OT1/cmr/m/it/10 tar-
 []


Overfull \hbox (11.24435pt too wide) in paragraph at lines 12--13
\OT1/cmr/m/it/10 je-
 []


Overfull \hbox (12.52214pt too wide) in paragraph at lines 12--13
\OT1/cmr/m/it/10 tas
 []


Overfull \hbox (28.29425pt too wide) in paragraph at lines 12--13
\OT1/cmr/m/it/10 RFID,
 []


Overfull \hbox (10.98883pt too wide) in paragraph at lines 12--13
\OT1/cmr/m/it/10 un
 []


Overfull \hbox (14.82208pt too wide) in paragraph at lines 12--13
\OT1/cmr/m/it/10 lec-
 []


Overfull \hbox (12.6499pt too wide) in paragraph at lines 12--13
\OT1/cmr/m/it/10 tor
 []


Overfull \hbox (9.71104pt too wide) in paragraph at lines 12--13
\OT1/cmr/m/it/10 de
 []


Overfull \hbox (16.22765pt too wide) in paragraph at lines 12--13
\OT1/cmr/m/it/10 tar-
 []


Overfull \hbox (11.24435pt too wide) in paragraph at lines 12--13
\OT1/cmr/m/it/10 je-
 []


Overfull \hbox (12.52214pt too wide) in paragraph at lines 12--13
\OT1/cmr/m/it/10 tas
 []


Overfull \hbox (9.71104pt too wide) in paragraph at lines 12--13
\OT1/cmr/m/it/10 de
 []


Overfull \hbox (18.39986pt too wide) in paragraph at lines 12--13
\OT1/cmr/m/it/10 con-
 []


Overfull \hbox (21.4665pt too wide) in paragraph at lines 12--13
\OT1/cmr/m/it/10 tacto
 []


Overfull \hbox (33.26648pt too wide) in paragraph at lines 12--13
\OT1/cmr/m/it/10 (SAM),
 []


Overfull \hbox (4.85551pt too wide) in paragraph at lines 12--13
\OT1/cmr/m/it/10 y
 []


Overfull \hbox (16.09991pt too wide) in paragraph at lines 12--13
\OT1/cmr/m/it/10 una
 []


Overfull \hbox (12.26659pt too wide) in paragraph at lines 12--13
\OT1/cmr/m/it/10 in-
 []


Overfull \hbox (15.71652pt too wide) in paragraph at lines 12--13
\OT1/cmr/m/it/10 ter-
 []


Overfull \hbox (12.2666pt too wide) in paragraph at lines 12--13
\OT1/cmr/m/it/10 faz
 []


Overfull \hbox (9.71104pt too wide) in paragraph at lines 12--13
\OT1/cmr/m/it/10 de
 []


Overfull \hbox (35.39424pt too wide) in paragraph at lines 12--13
\OT1/cmr/m/it/10 usuario.
 []


Overfull \hbox (22.99986pt too wide) in paragraph at lines 12--13
\OT1/cmr/m/it/10 Salvo
 []


Overfull \hbox (7.66663pt too wide) in paragraph at lines 12--13
\OT1/cmr/m/it/10 la
 []


Overfull \hbox (16.35545pt too wide) in paragraph at lines 12--13
\OT1/cmr/m/it/10 sin-
 []


Overfull \hbox (11.75546pt too wide) in paragraph at lines 12--13
\OT1/cmr/m/it/10 gle
 []


Overfull \hbox (22.61647pt too wide) in paragraph at lines 12--13
\OT1/cmr/m/it/10 board
 []


Overfull \hbox (20.9554pt too wide) in paragraph at lines 12--13
\OT1/cmr/m/it/10 com-
 []


Overfull \hbox (25.68315pt too wide) in paragraph at lines 12--13
\OT1/cmr/m/it/10 puter,
 []


Overfull \hbox (7.1555pt too wide) in paragraph at lines 12--13
\OT1/cmr/m/it/10 el
 []


Overfull \hbox (20.8276pt too wide) in paragraph at lines 12--13
\OT1/cmr/m/it/10 resto
 []


Overfull \hbox (12.26659pt too wide) in paragraph at lines 12--13
\OT1/cmr/m/it/10 del
 []


Overfull \hbox (22.6165pt too wide) in paragraph at lines 12--13
\OT1/cmr/m/it/10 hard-
 []


Overfull \hbox (20.06096pt too wide) in paragraph at lines 12--13
\OT1/cmr/m/it/10 ware
 []


Overfull \hbox (13.03325pt too wide) in paragraph at lines 12--13
\OT1/cmr/m/it/10 fue
 []


Overfull \hbox (13.7999pt too wide) in paragraph at lines 12--13
\OT1/cmr/m/it/10 en-
 []


Overfull \hbox (15.71652pt too wide) in paragraph at lines 12--13
\OT1/cmr/m/it/10 ter-
 []


Overfull \hbox (8.68883pt too wide) in paragraph at lines 12--13
\OT1/cmr/m/it/10 a-
 []


Overfull \hbox (26.32204pt too wide) in paragraph at lines 12--13
\OT1/cmr/m/it/10 mente
 []


Overfull \hbox (40.88866pt too wide) in paragraph at lines 12--13
\OT1/cmr/m/it/10 dise'nado
 []


Overfull \hbox (13.92767pt too wide) in paragraph at lines 12--13
\OT1/cmr/m/it/10 por
 []


Overfull \hbox (7.1555pt too wide) in paragraph at lines 12--13
\OT1/cmr/m/it/10 el
 []


Overfull \hbox (23.89427pt too wide) in paragraph at lines 12--13
\OT1/cmr/m/it/10 grupo
 []


Overfull \hbox (9.71104pt too wide) in paragraph at lines 12--13
\OT1/cmr/m/it/10 de
 []


Overfull \hbox (15.71652pt too wide) in paragraph at lines 12--13
\OT1/cmr/m/it/10 tra-
 []


Overfull \hbox (20.4443pt too wide) in paragraph at lines 12--13
\OT1/cmr/m/it/10 bajo.
 []


Overfull \hbox (9.33884pt too wide) in paragraph at lines 12--13
\OT1/cmr/m/it/10 El
 []


Overfull \hbox (14.82208pt too wide) in paragraph at lines 12--13
\OT1/cmr/m/it/10 lec-
 []


Overfull \hbox (12.6499pt too wide) in paragraph at lines 12--13
\OT1/cmr/m/it/10 tor
 []


Overfull \hbox (12.26657pt too wide) in paragraph at lines 12--13
\OT1/cmr/m/it/10 es-
 []


Overfull \hbox (24.53314pt too wide) in paragraph at lines 12--13
\OT1/cmr/m/it/10 critor
 []


Overfull \hbox (9.71104pt too wide) in paragraph at lines 12--13
\OT1/cmr/m/it/10 de
 []


Overfull \hbox (16.22765pt too wide) in paragraph at lines 12--13
\OT1/cmr/m/it/10 tar-
 []


Overfull \hbox (11.24435pt too wide) in paragraph at lines 12--13
\OT1/cmr/m/it/10 je-
 []


Overfull \hbox (12.52214pt too wide) in paragraph at lines 12--13
\OT1/cmr/m/it/10 tas
 []


Overfull \hbox (25.2276pt too wide) in paragraph at lines 12--13
\OT1/cmr/m/it/10 RFID
 []


Overfull \hbox (8.68883pt too wide) in paragraph at lines 12--13
\OT1/cmr/m/it/10 es
 []


Overfull \hbox (7.1555pt too wide) in paragraph at lines 12--13
\OT1/cmr/m/it/10 el
 []


Overfull \hbox (23.2554pt too wide) in paragraph at lines 12--13
\OT1/cmr/m/it/10 ^^Sunico
 []


Overfull \hbox (13.79988pt too wide) in paragraph at lines 12--13
\OT1/cmr/m/it/10 pcb
 []


Overfull \hbox (10.22215pt too wide) in paragraph at lines 12--13
\OT1/cmr/m/it/10 en
 []


Overfull \hbox (7.1555pt too wide) in paragraph at lines 12--13
\OT1/cmr/m/it/10 el
 []


Overfull \hbox (17.50542pt too wide) in paragraph at lines 12--13
\OT1/cmr/m/it/10 pro-
 []


Overfull \hbox (24.53316pt too wide) in paragraph at lines 12--13
\OT1/cmr/m/it/10 totipo
 []


Overfull \hbox (9.19994pt too wide) in paragraph at lines 12--13
\OT1/cmr/m/it/10 fi-
 []


Overfull \hbox (13.28882pt too wide) in paragraph at lines 12--13
\OT1/cmr/m/it/10 nal
 []


Overfull \hbox (14.56656pt too wide) in paragraph at lines 12--13
\OT1/cmr/m/it/10 que
 []


Overfull \hbox (13.03325pt too wide) in paragraph at lines 12--13
\OT1/cmr/m/it/10 fue
 []


Overfull \hbox (16.35544pt too wide) in paragraph at lines 12--13
\OT1/cmr/m/it/10 fab-
 []


Overfull \hbox (10.86102pt too wide) in paragraph at lines 12--13
\OT1/cmr/m/it/10 ri-
 []


Overfull \hbox (19.42209pt too wide) in paragraph at lines 12--13
\OT1/cmr/m/it/10 cado
 []


Overfull \hbox (13.92767pt too wide) in paragraph at lines 12--13
\OT1/cmr/m/it/10 por
 []


Overfull \hbox (7.1555pt too wide) in paragraph at lines 12--13
\OT1/cmr/m/it/10 el
 []


Overfull \hbox (26.96092pt too wide) in paragraph at lines 12--13
\OT1/cmr/m/it/10 grupo,
 []


Overfull \hbox (7.1555pt too wide) in paragraph at lines 12--13
\OT1/cmr/m/it/10 el
 []


Overfull \hbox (20.8276pt too wide) in paragraph at lines 12--13
\OT1/cmr/m/it/10 resto
 []


Overfull \hbox (27.47203pt too wide) in paragraph at lines 12--13
\OT1/cmr/m/it/10 fueron
 []


Overfull \hbox (16.35544pt too wide) in paragraph at lines 12--13
\OT1/cmr/m/it/10 fab-
 []


Overfull \hbox (10.86102pt too wide) in paragraph at lines 12--13
\OT1/cmr/m/it/10 ri-
 []


Overfull \hbox (12.77766pt too wide) in paragraph at lines 12--13
\OT1/cmr/m/it/10 ca-
 []


Overfull \hbox (14.31104pt too wide) in paragraph at lines 12--13
\OT1/cmr/m/it/10 dos
 []


Overfull \hbox (49.57744pt too wide) in paragraph at lines 12--13
\OT1/cmr/m/it/10 ^^Sunicamente
 []


Overfull \hbox (10.22215pt too wide) in paragraph at lines 12--13
\OT1/cmr/m/it/10 en
 []


Overfull \hbox (16.61098pt too wide) in paragraph at lines 12--13
\OT1/cmr/m/it/10 eta-
 []


Overfull \hbox (13.79991pt too wide) in paragraph at lines 12--13
\OT1/cmr/m/it/10 pas
 []


Overfull \hbox (9.71104pt too wide) in paragraph at lines 12--13
\OT1/cmr/m/it/10 de
 []


Overfull \hbox (31.56088pt too wide) in paragraph at lines 12--13
\OT1/cmr/m/it/10 prueba. 
 []


! LaTeX Error: The font size command \normalsize is not defined:
               there is probably something wrong with the class file.

See the LaTeX manual or LaTeX Companion for explanation.
Type  H <return>  for immediate help.
 ...                                              
                                                  
l.13 
     
Your command was ignored.
Type  I <command> <return>  to replace it with another command,
or  <return>  to continue without it.

[1{/var/lib/texmf/fonts/map/pdftex/updmap/pdftex.map}]

! LaTeX Error: \begin{document} ended by \end{abstract}.

See the LaTeX manual or LaTeX Companion for explanation.
Type  H <return>  for immediate help.
 ...                                              
                                                  
l.16 \end{abstract}
                   
Your command was ignored.
Type  I <command> <return>  to replace it with another command,
or  <return>  to continue without it.

)
! Emergency stop.
<*> resumen.tex
               
*** (job aborted, no legal \end found)

 
Here is how much of TeX's memory you used:
 19 strings out of 495061
 269 string characters out of 1182622
 50108 words of memory out of 3000000
 3293 multiletter control sequences out of 15000+50000
 3986 words of font info for 15 fonts, out of 3000000 for 9000
 28 hyphenation exceptions out of 8191
 18i,4n,12p,458b,144s stack positions out of 5000i,500n,10000p,200000b,50000s
!  ==> Fatal error occurred, no output PDF file produced!
