This file contains any messages produced by compilers while
running configure, to aid debugging if configure makes a mistake.

It was created by configure, which was
generated by GNU Autoconf 2.61.  Invocation command line was

  $ ./configure 

## --------- ##
## Platform. ##
## --------- ##

hostname = asus
uname -m = i686
uname -r = 2.6.35-28-generic
uname -s = Linux
uname -v = #50-Ubuntu SMP Fri Mar 18 19:00:26 UTC 2011

/usr/bin/uname -p = unknown
/bin/uname -X     = unknown

/bin/arch              = unknown
/usr/bin/arch -k       = unknown
/usr/convex/getsysinfo = unknown
/usr/bin/hostinfo      = unknown
/bin/machine           = unknown
/usr/bin/oslevel       = unknown
/bin/universe          = unknown

PATH: /usr/local/sbin
PATH: /usr/local/bin
PATH: /usr/sbin
PATH: /usr/bin
PATH: /sbin
PATH: /bin
PATH: /usr/games


## ----------- ##
## Core tests. ##
## ----------- ##

configure:1991: checking build system type
configure:2009: result: i686-pc-linux-gnu
configure:2031: checking host system type
configure:2046: result: i686-pc-linux-gnu
configure:2068: checking target system type
configure:2083: result: i686-pc-linux-gnu
configure:2125: checking for a BSD-compatible install
configure:2181: result: /usr/bin/install -c
configure:2192: checking whether build environment is sane
configure:2235: result: yes
configure:2300: checking for gawk
configure:2316: found /usr/bin/gawk
configure:2327: result: gawk
configure:2338: checking whether make sets $(MAKE)
configure:2359: result: yes
configure:2592: checking for gcc
configure:2608: found /usr/bin/gcc
configure:2619: result: gcc
configure:2857: checking for C compiler version
configure:2864: gcc --version >&5
gcc (Ubuntu/Linaro 4.4.4-14ubuntu5) 4.4.5
Copyright (C) 2010 Free Software Foundation, Inc.
This is free software; see the source for copying conditions.  There is NO
warranty; not even for MERCHANTABILITY or FITNESS FOR A PARTICULAR PURPOSE.

configure:2867: $? = 0
configure:2874: gcc -v >&5
Using built-in specs.
Target: i686-linux-gnu
Configured with: ../src/configure -v --with-pkgversion='Ubuntu/Linaro 4.4.4-14ubuntu5' --with-bugurl=file:///usr/share/doc/gcc-4.4/README.Bugs --enable-languages=c,c++,fortran,objc,obj-c++ --prefix=/usr --program-suffix=-4.4 --enable-shared --enable-multiarch --enable-linker-build-id --with-system-zlib --libexecdir=/usr/lib --without-included-gettext --enable-threads=posix --with-gxx-include-dir=/usr/include/c++/4.4 --libdir=/usr/lib --enable-nls --with-sysroot=/ --enable-clocale=gnu --enable-libstdcxx-debug --enable-objc-gc --enable-targets=all --disable-werror --with-arch-32=i686 --with-tune=generic --enable-checking=release --build=i686-linux-gnu --host=i686-linux-gnu --target=i686-linux-gnu
Thread model: posix
gcc version 4.4.5 (Ubuntu/Linaro 4.4.4-14ubuntu5) 
configure:2877: $? = 0
configure:2884: gcc -V >&5
gcc: '-V' option must have argument
configure:2887: $? = 1
configure:2910: checking for C compiler default output file name
configure:2937: gcc    conftest.c  >&5
configure:2940: $? = 0
configure:2978: result: a.out
configure:2995: checking whether the C compiler works
configure:3005: ./a.out
configure:3008: $? = 0
configure:3025: result: yes
configure:3032: checking whether we are cross compiling
configure:3034: result: no
configure:3037: checking for suffix of executables
configure:3044: gcc -o conftest    conftest.c  >&5
configure:3047: $? = 0
configure:3071: result: 
configure:3077: checking for suffix of object files
configure:3103: gcc -c   conftest.c >&5
configure:3106: $? = 0
configure:3129: result: o
configure:3133: checking whether we are using the GNU C compiler
configure:3162: gcc -c   conftest.c >&5
configure:3168: $? = 0
configure:3185: result: yes
configure:3190: checking whether gcc accepts -g
configure:3220: gcc -c -g  conftest.c >&5
configure:3226: $? = 0
configure:3325: result: yes
configure:3342: checking for gcc option to accept ISO C89
configure:3416: gcc  -c -g -O2  conftest.c >&5
configure:3422: $? = 0
configure:3445: result: none needed
configure:3474: checking for style of include used by make
configure:3502: result: GNU
configure:3530: checking dependency style of gcc
configure:3620: result: gcc3
configure:3638: checking whether gcc and cc understand -c and -o together
configure:3673: gcc -c conftest.c -o conftest2.o >&5
configure:3676: $? = 0
configure:3682: gcc -c conftest.c -o conftest2.o >&5
configure:3685: $? = 0
configure:3696: cc -c conftest.c >&5
configure:3699: $? = 0
configure:3707: cc -c conftest.c -o conftest2.o >&5
configure:3710: $? = 0
configure:3716: cc -c conftest.c -o conftest2.o >&5
configure:3719: $? = 0
configure:3737: result: yes
configure:3763: checking for an ANSI C-conforming const
configure:3838: gcc -c -g -O2  conftest.c >&5
configure:3844: $? = 0
configure:3859: result: yes
configure:3944: checking for a sed that does not truncate output
configure:4000: result: /bin/sed
configure:4003: checking for grep that handles long lines and -e
configure:4077: result: /bin/grep
configure:4082: checking for egrep
configure:4160: result: /bin/grep -E
configure:4176: checking for ld used by gcc
configure:4243: result: /usr/bin/ld
configure:4252: checking if the linker (/usr/bin/ld) is GNU ld
configure:4267: result: yes
configure:4272: checking for /usr/bin/ld option to reload object files
configure:4279: result: -r
configure:4297: checking for BSD-compatible nm
configure:4346: result: /usr/bin/nm -B
configure:4350: checking whether ln -s works
configure:4354: result: yes
configure:4361: checking how to recognize dependent libraries
configure:4547: result: pass_all
configure:5076: checking how to run the C preprocessor
configure:5116: gcc -E  conftest.c
configure:5122: $? = 0
configure:5153: gcc -E  conftest.c
conftest.c:10: fatal error: ac_nonexistent.h: No such file or directory
compilation terminated.
configure:5159: $? = 1
configure: failed program was:
| /* confdefs.h.  */
| #define PACKAGE_NAME ""
| #define PACKAGE_TARNAME ""
| #define PACKAGE_VERSION ""
| #define PACKAGE_STRING ""
| #define PACKAGE_BUGREPORT ""
| #define PACKAGE "librfid"
| #define VERSION "0.2.0"
| /* end confdefs.h.  */
| #include <ac_nonexistent.h>
configure:5192: result: gcc -E
configure:5221: gcc -E  conftest.c
configure:5227: $? = 0
configure:5258: gcc -E  conftest.c
conftest.c:10: fatal error: ac_nonexistent.h: No such file or directory
compilation terminated.
configure:5264: $? = 1
configure: failed program was:
| /* confdefs.h.  */
| #define PACKAGE_NAME ""
| #define PACKAGE_TARNAME ""
| #define PACKAGE_VERSION ""
| #define PACKAGE_STRING ""
| #define PACKAGE_BUGREPORT ""
| #define PACKAGE "librfid"
| #define VERSION "0.2.0"
| /* end confdefs.h.  */
| #include <ac_nonexistent.h>
configure:5302: checking for ANSI C header files
configure:5332: gcc -c -g -O2  conftest.c >&5
configure:5338: $? = 0
configure:5437: gcc -o conftest -g -O2   conftest.c  >&5
configure:5440: $? = 0
configure:5446: ./conftest
configure:5449: $? = 0
configure:5466: result: yes
configure:5490: checking for sys/types.h
configure:5511: gcc -c -g -O2  conftest.c >&5
configure:5517: $? = 0
configure:5533: result: yes
configure:5490: checking for sys/stat.h
configure:5511: gcc -c -g -O2  conftest.c >&5
configure:5517: $? = 0
configure:5533: result: yes
configure:5490: checking for stdlib.h
configure:5511: gcc -c -g -O2  conftest.c >&5
configure:5517: $? = 0
configure:5533: result: yes
configure:5490: checking for string.h
configure:5511: gcc -c -g -O2  conftest.c >&5
configure:5517: $? = 0
configure:5533: result: yes
configure:5490: checking for memory.h
configure:5511: gcc -c -g -O2  conftest.c >&5
configure:5517: $? = 0
configure:5533: result: yes
configure:5490: checking for strings.h
configure:5511: gcc -c -g -O2  conftest.c >&5
configure:5517: $? = 0
configure:5533: result: yes
configure:5490: checking for inttypes.h
configure:5511: gcc -c -g -O2  conftest.c >&5
configure:5517: $? = 0
configure:5533: result: yes
configure:5490: checking for stdint.h
configure:5511: gcc -c -g -O2  conftest.c >&5
configure:5517: $? = 0
configure:5533: result: yes
configure:5490: checking for unistd.h
configure:5511: gcc -c -g -O2  conftest.c >&5
configure:5517: $? = 0
configure:5533: result: yes
configure:5560: checking dlfcn.h usability
configure:5577: gcc -c -g -O2  conftest.c >&5
configure:5583: $? = 0
configure:5597: result: yes
configure:5601: checking dlfcn.h presence
configure:5616: gcc -E  conftest.c
configure:5622: $? = 0
configure:5636: result: yes
configure:5664: checking for dlfcn.h
configure:5672: result: yes
configure:5743: checking for g++
configure:5759: found /usr/bin/g++
configure:5770: result: g++
configure:5801: checking for C++ compiler version
configure:5808: g++ --version >&5
g++ (Ubuntu/Linaro 4.4.4-14ubuntu5) 4.4.5
Copyright (C) 2010 Free Software Foundation, Inc.
This is free software; see the source for copying conditions.  There is NO
warranty; not even for MERCHANTABILITY or FITNESS FOR A PARTICULAR PURPOSE.

configure:5811: $? = 0
configure:5818: g++ -v >&5
Using built-in specs.
Target: i686-linux-gnu
Configured with: ../src/configure -v --with-pkgversion='Ubuntu/Linaro 4.4.4-14ubuntu5' --with-bugurl=file:///usr/share/doc/gcc-4.4/README.Bugs --enable-languages=c,c++,fortran,objc,obj-c++ --prefix=/usr --program-suffix=-4.4 --enable-shared --enable-multiarch --enable-linker-build-id --with-system-zlib --libexecdir=/usr/lib --without-included-gettext --enable-threads=posix --with-gxx-include-dir=/usr/include/c++/4.4 --libdir=/usr/lib --enable-nls --with-sysroot=/ --enable-clocale=gnu --enable-libstdcxx-debug --enable-objc-gc --enable-targets=all --disable-werror --with-arch-32=i686 --with-tune=generic --enable-checking=release --build=i686-linux-gnu --host=i686-linux-gnu --target=i686-linux-gnu
Thread model: posix
gcc version 4.4.5 (Ubuntu/Linaro 4.4.4-14ubuntu5) 
configure:5821: $? = 0
configure:5828: g++ -V >&5
g++: '-V' option must have argument
configure:5831: $? = 1
configure:5834: checking whether we are using the GNU C++ compiler
configure:5863: g++ -c   conftest.cpp >&5
configure:5869: $? = 0
configure:5886: result: yes
configure:5891: checking whether g++ accepts -g
configure:5921: g++ -c -g  conftest.cpp >&5
configure:5927: $? = 0
configure:6026: result: yes
configure:6051: checking dependency style of g++
configure:6141: result: gcc3
configure:6168: checking how to run the C++ preprocessor
configure:6204: g++ -E  conftest.cpp
configure:6210: $? = 0
configure:6241: g++ -E  conftest.cpp
conftest.cpp:21: fatal error: ac_nonexistent.h: No such file or directory
compilation terminated.
configure:6247: $? = 1
configure: failed program was:
| /* confdefs.h.  */
| #define PACKAGE_NAME ""
| #define PACKAGE_TARNAME ""
| #define PACKAGE_VERSION ""
| #define PACKAGE_STRING ""
| #define PACKAGE_BUGREPORT ""
| #define PACKAGE "librfid"
| #define VERSION "0.2.0"
| #define STDC_HEADERS 1
| #define HAVE_SYS_TYPES_H 1
| #define HAVE_SYS_STAT_H 1
| #define HAVE_STDLIB_H 1
| #define HAVE_STRING_H 1
| #define HAVE_MEMORY_H 1
| #define HAVE_STRINGS_H 1
| #define HAVE_INTTYPES_H 1
| #define HAVE_STDINT_H 1
| #define HAVE_UNISTD_H 1
| #define HAVE_DLFCN_H 1
| /* end confdefs.h.  */
| #include <ac_nonexistent.h>
configure:6280: result: g++ -E
configure:6309: g++ -E  conftest.cpp
configure:6315: $? = 0
configure:6346: g++ -E  conftest.cpp
conftest.cpp:21: fatal error: ac_nonexistent.h: No such file or directory
compilation terminated.
configure:6352: $? = 1
configure: failed program was:
| /* confdefs.h.  */
| #define PACKAGE_NAME ""
| #define PACKAGE_TARNAME ""
| #define PACKAGE_VERSION ""
| #define PACKAGE_STRING ""
| #define PACKAGE_BUGREPORT ""
| #define PACKAGE "librfid"
| #define VERSION "0.2.0"
| #define STDC_HEADERS 1
| #define HAVE_SYS_TYPES_H 1
| #define HAVE_SYS_STAT_H 1
| #define HAVE_STDLIB_H 1
| #define HAVE_STRING_H 1
| #define HAVE_MEMORY_H 1
| #define HAVE_STRINGS_H 1
| #define HAVE_INTTYPES_H 1
| #define HAVE_STDINT_H 1
| #define HAVE_UNISTD_H 1
| #define HAVE_DLFCN_H 1
| /* end confdefs.h.  */
| #include <ac_nonexistent.h>
configure:6445: checking for g77
configure:6475: result: no
configure:6445: checking for xlf
configure:6475: result: no
configure:6445: checking for f77
configure:6475: result: no
configure:6445: checking for frt
configure:6475: result: no
configure:6445: checking for pgf77
configure:6475: result: no
configure:6445: checking for cf77
configure:6475: result: no
configure:6445: checking for fort77
configure:6475: result: no
configure:6445: checking for fl32
configure:6475: result: no
configure:6445: checking for af77
configure:6475: result: no
configure:6445: checking for xlf90
configure:6475: result: no
configure:6445: checking for f90
configure:6475: result: no
configure:6445: checking for pgf90
configure:6475: result: no
configure:6445: checking for pghpf
configure:6475: result: no
configure:6445: checking for epcf90
configure:6475: result: no
configure:6445: checking for gfortran
configure:6475: result: no
configure:6445: checking for g95
configure:6475: result: no
configure:6445: checking for xlf95
configure:6475: result: no
configure:6445: checking for f95
configure:6475: result: no
configure:6445: checking for fort
configure:6475: result: no
configure:6445: checking for ifort
configure:6475: result: no
configure:6445: checking for ifc
configure:6475: result: no
configure:6445: checking for efc
configure:6475: result: no
configure:6445: checking for pgf95
configure:6475: result: no
configure:6445: checking for lf95
configure:6475: result: no
configure:6445: checking for ftn
configure:6475: result: no
configure:6502: checking for Fortran 77 compiler version
configure:6509:  --version >&5
./configure: line 6510: --version: command not found
configure:6512: $? = 127
configure:6519:  -v >&5
./configure: line 6520: -v: command not found
configure:6522: $? = 127
configure:6529:  -V >&5
./configure: line 6530: -V: command not found
configure:6532: $? = 127
configure:6540: checking whether we are using the GNU Fortran 77 compiler
configure:6559:  -c  conftest.F >&5
./configure: line 6560: -c: command not found
configure:6565: $? = 127
configure: failed program was:
|       program main
| #ifndef __GNUC__
|        choke me
| #endif
| 
|       end
configure:6582: result: no
configure:6588: checking whether  accepts -g
configure:6605:  -c -g conftest.f >&5
./configure: line 6606: -c: command not found
configure:6611: $? = 127
configure: failed program was:
|       program main
| 
|       end
configure:6627: result: no
configure:6657: checking the maximum length of command line arguments
configure:6769: result: 1572864
configure:6781: checking command to parse /usr/bin/nm -B output from gcc object
configure:6886: gcc -c -g -O2  conftest.c >&5
configure:6889: $? = 0
configure:6893: /usr/bin/nm -B conftest.o \| sed -n -e 's/^.*[ 	]\([ABCDGIRSTW][ABCDGIRSTW]*\)[ 	][ 	]*\([_A-Za-z][_A-Za-z0-9]*\)$/\1 \2 \2/p' \> conftest.nm
configure:6896: $? = 0
configure:6948: gcc -o conftest -g -O2   conftest.c conftstm.o >&5
configure:6951: $? = 0
configure:6989: result: ok
configure:6993: checking for objdir
configure:7008: result: .libs
configure:7100: checking for ar
configure:7116: found /usr/bin/ar
configure:7127: result: ar
configure:7196: checking for ranlib
configure:7212: found /usr/bin/ranlib
configure:7223: result: ranlib
configure:7292: checking for strip
configure:7308: found /usr/bin/strip
configure:7319: result: strip
configure:7605: checking if gcc supports -fno-rtti -fno-exceptions
configure:7623: gcc -c -g -O2  -fno-rtti -fno-exceptions conftest.c >&5
cc1: warning: command line option "-fno-rtti" is valid for C++/ObjC++ but not for C
configure:7627: $? = 0
configure:7640: result: no
configure:7655: checking for gcc option to produce PIC
configure:7887: result: -fPIC
configure:7895: checking if gcc PIC flag -fPIC works
configure:7913: gcc -c -g -O2  -fPIC -DPIC conftest.c >&5
configure:7917: $? = 0
configure:7930: result: yes
configure:7958: checking if gcc static flag -static works
configure:7986: result: yes
configure:7996: checking if gcc supports -c -o file.o
configure:8017: gcc -c -g -O2  -o out/conftest2.o conftest.c >&5
configure:8021: $? = 0
configure:8043: result: yes
configure:8069: checking whether the gcc linker (/usr/bin/ld) supports shared libraries
configure:9050: result: yes
configure:9071: checking whether -lc should be explicitly linked in
configure:9076: gcc -c -g -O2  conftest.c >&5
configure:9079: $? = 0
configure:9094: gcc -shared conftest.o  -v -Wl,-soname -Wl,conftest -o conftest 2\>\&1 \| grep  -lc  \>/dev/null 2\>\&1
configure:9097: $? = 0
configure:9109: result: no
configure:9117: checking dynamic linker characteristics
configure:9731: result: GNU/Linux ld.so
configure:9740: checking how to hardcode library paths into programs
configure:9765: result: immediate
configure:9779: checking whether stripping libraries is possible
configure:9784: result: yes
configure:10586: checking if libtool supports shared libraries
configure:10588: result: yes
configure:10591: checking whether to build shared libraries
configure:10612: result: yes
configure:10615: checking whether to build static libraries
configure:10619: result: yes
configure:10712: creating libtool
configure:11300: checking for ld used by g++
configure:11367: result: /usr/bin/ld
configure:11376: checking if the linker (/usr/bin/ld) is GNU ld
configure:11391: result: yes
configure:11442: checking whether the g++ linker (/usr/bin/ld) supports shared libraries
configure:12416: result: yes
configure:12434: g++ -c -g -O2  conftest.cpp >&5
configure:12437: $? = 0
configure:12589: checking for g++ option to produce PIC
configure:12873: result: -fPIC
configure:12881: checking if g++ PIC flag -fPIC works
configure:12899: g++ -c -g -O2  -fPIC -DPIC conftest.cpp >&5
configure:12903: $? = 0
configure:12916: result: yes
configure:12944: checking if g++ static flag -static works
configure:12972: result: yes
configure:12982: checking if g++ supports -c -o file.o
configure:13003: g++ -c -g -O2  -o out/conftest2.o conftest.cpp >&5
configure:13007: $? = 0
configure:13029: result: yes
configure:13055: checking whether the g++ linker (/usr/bin/ld) supports shared libraries
configure:13083: result: yes
configure:13150: checking dynamic linker characteristics
configure:13712: result: GNU/Linux ld.so
configure:13721: checking how to hardcode library paths into programs
configure:13746: result: immediate
configure:19945: checking for build environment
configure:19952: result: UNIX
configure:19976: checking whether byte ordering is bigendian
configure:20009: gcc -c -g -O2  conftest.c >&5
configure:20015: $? = 0
configure:20047: gcc -c -g -O2  conftest.c >&5
conftest.c: In function 'main':
conftest.c:28: error: 'not' undeclared (first use in this function)
conftest.c:28: error: (Each undeclared identifier is reported only once
conftest.c:28: error: for each function it appears in.)
conftest.c:28: error: expected ';' before 'big'
configure:20053: $? = 1
configure: failed program was:
| /* confdefs.h.  */
| #define PACKAGE_NAME ""
| #define PACKAGE_TARNAME ""
| #define PACKAGE_VERSION ""
| #define PACKAGE_STRING ""
| #define PACKAGE_BUGREPORT ""
| #define PACKAGE "librfid"
| #define VERSION "0.2.0"
| #define STDC_HEADERS 1
| #define HAVE_SYS_TYPES_H 1
| #define HAVE_SYS_STAT_H 1
| #define HAVE_STDLIB_H 1
| #define HAVE_STRING_H 1
| #define HAVE_MEMORY_H 1
| #define HAVE_STRINGS_H 1
| #define HAVE_INTTYPES_H 1
| #define HAVE_STDINT_H 1
| #define HAVE_UNISTD_H 1
| #define HAVE_DLFCN_H 1
| /* end confdefs.h.  */
| #include <sys/types.h>
| #include <sys/param.h>
| 
| int
| main ()
| {
| #if BYTE_ORDER != BIG_ENDIAN
|  not big endian
| #endif
| 
|   ;
|   return 0;
| }
configure:20193: result: no
configure:20319: checking for usb_close in -lusb
configure:20354: gcc -o conftest -g -O2   conftest.c -lusb   >&5
configure:20360: $? = 0
configure:20378: result: yes
configure:20606: creating ./config.status

## ---------------------- ##
## Running config.status. ##
## ---------------------- ##

This file was extended by config.status, which was
generated by GNU Autoconf 2.61.  Invocation command line was

  CONFIG_FILES    = 
  CONFIG_HEADERS  = 
  CONFIG_LINKS    = 
  CONFIG_COMMANDS = 
  $ ./config.status 

on asus

config.status:679: creating Makefile
config.status:679: creating etc/Makefile
config.status:679: creating etc/udev/Makefile
config.status:679: creating src/Makefile
config.status:679: creating include/Makefile
config.status:679: creating include/librfid/Makefile
config.status:679: creating utils/Makefile
config.status:679: creating src/librfid.pc
config.status:679: creating win32/Makefile
config.status:864: executing depfiles commands

## ---------------- ##
## Cache variables. ##
## ---------------- ##

ac_cv_build=i686-pc-linux-gnu
ac_cv_c_bigendian=no
ac_cv_c_compiler_gnu=yes
ac_cv_c_const=yes
ac_cv_cxx_compiler_gnu=yes
ac_cv_env_CCC_set=
ac_cv_env_CCC_value=
ac_cv_env_CC_set=
ac_cv_env_CC_value=
ac_cv_env_CFLAGS_set=
ac_cv_env_CFLAGS_value=
ac_cv_env_CPPFLAGS_set=
ac_cv_env_CPPFLAGS_value=
ac_cv_env_CPP_set=
ac_cv_env_CPP_value=
ac_cv_env_CXXCPP_set=
ac_cv_env_CXXCPP_value=
ac_cv_env_CXXFLAGS_set=
ac_cv_env_CXXFLAGS_value=
ac_cv_env_CXX_set=
ac_cv_env_CXX_value=
ac_cv_env_F77_set=
ac_cv_env_F77_value=
ac_cv_env_FFLAGS_set=
ac_cv_env_FFLAGS_value=
ac_cv_env_LDFLAGS_set=
ac_cv_env_LDFLAGS_value=
ac_cv_env_LIBS_set=
ac_cv_env_LIBS_value=
ac_cv_env_build_alias_set=
ac_cv_env_build_alias_value=
ac_cv_env_host_alias_set=
ac_cv_env_host_alias_value=
ac_cv_env_target_alias_set=
ac_cv_env_target_alias_value=
ac_cv_f77_compiler_gnu=no
ac_cv_header_dlfcn_h=yes
ac_cv_header_inttypes_h=yes
ac_cv_header_memory_h=yes
ac_cv_header_stdc=yes
ac_cv_header_stdint_h=yes
ac_cv_header_stdlib_h=yes
ac_cv_header_string_h=yes
ac_cv_header_strings_h=yes
ac_cv_header_sys_stat_h=yes
ac_cv_header_sys_types_h=yes
ac_cv_header_unistd_h=yes
ac_cv_host=i686-pc-linux-gnu
ac_cv_lib_usb_usb_close=yes
ac_cv_objext=o
ac_cv_path_EGREP='/bin/grep -E'
ac_cv_path_GREP=/bin/grep
ac_cv_path_install='/usr/bin/install -c'
ac_cv_prog_AWK=gawk
ac_cv_prog_CPP='gcc -E'
ac_cv_prog_CXXCPP='g++ -E'
ac_cv_prog_ac_ct_AR=ar
ac_cv_prog_ac_ct_CC=gcc
ac_cv_prog_ac_ct_CXX=g++
ac_cv_prog_ac_ct_RANLIB=ranlib
ac_cv_prog_ac_ct_STRIP=strip
ac_cv_prog_cc_c89=
ac_cv_prog_cc_g=yes
ac_cv_prog_cc_gcc_c_o=yes
ac_cv_prog_cxx_g=yes
ac_cv_prog_f77_g=no
ac_cv_prog_make_make_set=yes
ac_cv_target=i686-pc-linux-gnu
am_cv_CC_dependencies_compiler_type=gcc3
am_cv_CXX_dependencies_compiler_type=gcc3
lt_cv_deplibs_check_method=pass_all
lt_cv_file_magic_cmd='$MAGIC_CMD'
lt_cv_file_magic_test_file=
lt_cv_ld_reload_flag=-r
lt_cv_objdir=.libs
lt_cv_path_LD=/usr/bin/ld
lt_cv_path_LDCXX=/usr/bin/ld
lt_cv_path_NM='/usr/bin/nm -B'
lt_cv_path_SED=/bin/sed
lt_cv_prog_compiler_c_o=yes
lt_cv_prog_compiler_c_o_CXX=yes
lt_cv_prog_compiler_rtti_exceptions=no
lt_cv_prog_gnu_ld=yes
lt_cv_prog_gnu_ldcxx=yes
lt_cv_sys_global_symbol_pipe='sed -n -e '\''s/^.*[ 	]\([ABCDGIRSTW][ABCDGIRSTW]*\)[ 	][ 	]*\([_A-Za-z][_A-Za-z0-9]*\)$/\1 \2 \2/p'\'''
lt_cv_sys_global_symbol_to_c_name_address='sed -n -e '\''s/^: \([^ ]*\) $/  {\"\1\", (lt_ptr) 0},/p'\'' -e '\''s/^[BCDEGRST] \([^ ]*\) \([^ ]*\)$/  {"\2", (lt_ptr) \&\2},/p'\'''
lt_cv_sys_global_symbol_to_cdecl='sed -n -e '\''s/^. .* \(.*\)$/extern int \1;/p'\'''
lt_cv_sys_max_cmd_len=1572864
lt_lt_cv_prog_compiler_c_o='"yes"'
lt_lt_cv_prog_compiler_c_o_CXX='"yes"'
lt_lt_cv_sys_global_symbol_pipe='"sed -n -e '\''s/^.*[ 	]\\([ABCDGIRSTW][ABCDGIRSTW]*\\)[ 	][ 	]*\\([_A-Za-z][_A-Za-z0-9]*\\)\$/\\1 \\2 \\2/p'\''"'
lt_lt_cv_sys_global_symbol_to_c_name_address='"sed -n -e '\''s/^: \\([^ ]*\\) \$/  {\\\"\\1\\\", (lt_ptr) 0},/p'\'' -e '\''s/^[BCDEGRST] \\([^ ]*\\) \\([^ ]*\\)\$/  {\"\\2\", (lt_ptr) \\&\\2},/p'\''"'
lt_lt_cv_sys_global_symbol_to_cdecl='"sed -n -e '\''s/^. .* \\(.*\\)\$/extern int \\1;/p'\''"'

## ----------------- ##
## Output variables. ##
## ----------------- ##

ACLOCAL='${SHELL} /home/proyecto/beagleboard/RFID/librfid-0.2.0/missing --run aclocal-1.9'
AMDEPBACKSLASH='\'
AMDEP_FALSE='#'
AMDEP_TRUE=''
AMTAR='${SHELL} /home/proyecto/beagleboard/RFID/librfid-0.2.0/missing --run tar'
AR='ar'
AS='as'
AUTOCONF='${SHELL} /home/proyecto/beagleboard/RFID/librfid-0.2.0/missing --run autoconf'
AUTOHEADER='${SHELL} /home/proyecto/beagleboard/RFID/librfid-0.2.0/missing --run autoheader'
AUTOMAKE='${SHELL} /home/proyecto/beagleboard/RFID/librfid-0.2.0/missing --run automake-1.9'
AWK='gawk'
BUILDENV='UNIX'
CC='gcc'
CCDEPMODE='depmode=gcc3'
CFLAGS='-g -O2'
CPP='gcc -E'
CPPFLAGS=''
CXX='g++'
CXXCPP='g++ -E'
CXXDEPMODE='depmode=gcc3'
CXXFLAGS='-g -O2'
CYGPATH_W='echo'
DEFS='-DPACKAGE_NAME=\"\" -DPACKAGE_TARNAME=\"\" -DPACKAGE_VERSION=\"\" -DPACKAGE_STRING=\"\" -DPACKAGE_BUGREPORT=\"\" -DPACKAGE=\"librfid\" -DVERSION=\"0.2.0\" -DSTDC_HEADERS=1 -DHAVE_SYS_TYPES_H=1 -DHAVE_SYS_STAT_H=1 -DHAVE_STDLIB_H=1 -DHAVE_STRING_H=1 -DHAVE_MEMORY_H=1 -DHAVE_STRINGS_H=1 -DHAVE_INTTYPES_H=1 -DHAVE_STDINT_H=1 -DHAVE_UNISTD_H=1 -DHAVE_DLFCN_H=1'
DEPDIR='.deps'
DISABLE_WIN32_FALSE='#'
DISABLE_WIN32_TRUE=''
DLLTOOL='dlltool'
ECHO='echo'
ECHO_C=''
ECHO_N='-n'
ECHO_T=''
EGREP='/bin/grep -E'
ENABLE_CCID_FALSE=''
ENABLE_CCID_TRUE='#'
ENABLE_FIRMWARE_FALSE=''
ENABLE_FIRMWARE_TRUE='#'
ENABLE_SPIDEV_FALSE=''
ENABLE_SPIDEV_TRUE='#'
ENABLE_STATIC_FALSE='#'
ENABLE_STATIC_TRUE=''
ENABLE_WIN32_FALSE=''
ENABLE_WIN32_TRUE='#'
EXEEXT=''
F77=''
FFLAGS=''
FIRMWARE_PATH=''
GREP='/bin/grep'
HAVE_LIBUSB_FALSE='#'
HAVE_LIBUSB_TRUE=''
HAVE_OPENCT_FALSE=''
HAVE_OPENCT_TRUE='#'
INSTALL_DATA='${INSTALL} -m 644'
INSTALL_PROGRAM='${INSTALL}'
INSTALL_SCRIPT='${INSTALL}'
INSTALL_STRIP_PROGRAM='${SHELL} $(install_sh) -c -s'
LDFLAGS=''
LIBOBJS=''
LIBS=''
LIBTOOL='$(SHELL) $(top_builddir)/libtool'
LIBTOOL_DEPS='./ltmain.sh'
LN_S='ln -s'
LTLIBOBJS=''
MAKEINFO='${SHELL} /home/proyecto/beagleboard/RFID/librfid-0.2.0/missing --run makeinfo'
OBJDUMP='objdump'
OBJEXT='o'
OPENCT_CFLAGS=''
OPENCT_LIBS=''
PACKAGE='librfid'
PACKAGE_BUGREPORT=''
PACKAGE_NAME=''
PACKAGE_STRING=''
PACKAGE_TARNAME=''
PACKAGE_VERSION=''
PATH_SEPARATOR=':'
RANLIB='ranlib'
SED='/bin/sed'
SET_MAKE=''
SHELL='/bin/sh'
STRIP='strip'
VERSION='0.2.0'
ac_ct_CC='gcc'
ac_ct_CXX='g++'
ac_ct_F77=''
am__fastdepCC_FALSE='#'
am__fastdepCC_TRUE=''
am__fastdepCXX_FALSE='#'
am__fastdepCXX_TRUE=''
am__include='include'
am__leading_dot='.'
am__quote=''
am__tar='${AMTAR} chof - "$$tardir"'
am__untar='${AMTAR} xf -'
bindir='${exec_prefix}/bin'
build='i686-pc-linux-gnu'
build_alias=''
build_cpu='i686'
build_os='linux-gnu'
build_vendor='pc'
datadir='${datarootdir}'
datarootdir='${prefix}/share'
docdir='${datarootdir}/doc/${PACKAGE}'
dvidir='${docdir}'
exec_prefix='${prefix}'
host='i686-pc-linux-gnu'
host_alias=''
host_cpu='i686'
host_os='linux-gnu'
host_vendor='pc'
htmldir='${docdir}'
includedir='${prefix}/include'
infodir='${datarootdir}/info'
install_sh='/home/proyecto/beagleboard/RFID/librfid-0.2.0/install-sh'
libdir='${exec_prefix}/lib'
libexecdir='${exec_prefix}/libexec'
localedir='${datarootdir}/locale'
localstatedir='${prefix}/var'
mandir='${datarootdir}/man'
mkdir_p='mkdir -p --'
oldincludedir='/usr/include'
pdfdir='${docdir}'
prefix='/usr/local'
program_transform_name='s,x,x,'
psdir='${docdir}'
sbindir='${exec_prefix}/sbin'
sharedstatedir='${prefix}/com'
sysconfdir='${prefix}/etc'
target='i686-pc-linux-gnu'
target_alias=''
target_cpu='i686'
target_os='linux-gnu'
target_vendor='pc'

## ----------- ##
## confdefs.h. ##
## ----------- ##

#define PACKAGE_NAME ""
#define PACKAGE_TARNAME ""
#define PACKAGE_VERSION ""
#define PACKAGE_STRING ""
#define PACKAGE_BUGREPORT ""
#define PACKAGE "librfid"
#define VERSION "0.2.0"
#define STDC_HEADERS 1
#define HAVE_SYS_TYPES_H 1
#define HAVE_SYS_STAT_H 1
#define HAVE_STDLIB_H 1
#define HAVE_STRING_H 1
#define HAVE_MEMORY_H 1
#define HAVE_STRINGS_H 1
#define HAVE_INTTYPES_H 1
#define HAVE_STDINT_H 1
#define HAVE_UNISTD_H 1
#define HAVE_DLFCN_H 1

configure: exit 0
