This file contains any messages produced by compilers while
running configure, to aid debugging if configure makes a mistake.

It was created by configure, which was
generated by GNU Autoconf 2.67.  Invocation command line was

  $ ./configure --enable-spidev --host=arm-angstrom-linux-gnueabi --prefix=/home/proyecto/work

## --------- ##
## Platform. ##
## --------- ##

hostname = asus
uname -m = i686
uname -r = 2.6.35-28-generic
uname -s = Linux
uname -v = #50-Ubuntu SMP Fri Mar 18 19:00:26 UTC 2011

/usr/bin/uname -p = unknown
/bin/uname -X     = unknown

/bin/arch              = unknown
/usr/bin/arch -k       = unknown
/usr/convex/getsysinfo = unknown
/usr/bin/hostinfo      = unknown
/bin/machine           = unknown
/usr/bin/oslevel       = unknown
/bin/universe          = unknown

PATH: /usr/local/angstrom/arm/bin
PATH: /usr/local/sbin
PATH: /usr/local/bin
PATH: /usr/sbin
PATH: /usr/bin
PATH: /sbin
PATH: /bin
PATH: /usr/games


## ----------- ##
## Core tests. ##
## ----------- ##

configure:2150: loading site script /usr/local/angstrom/arm/site-config
configure:2279: checking build system type
configure:2293: result: i686-pc-linux-gnu
configure:2313: checking host system type
configure:2326: result: arm-angstrom-linux-gnueabi
configure:2346: checking target system type
configure:2359: result: arm-angstrom-linux-gnueabi
configure:2402: checking for a BSD-compatible install
configure:2470: result: /usr/bin/install -c
configure:2481: checking whether build environment is sane
configure:2531: result: yes
configure:2580: checking for arm-angstrom-linux-gnueabi-strip
configure:2596: found /usr/local/angstrom/arm/bin/arm-angstrom-linux-gnueabi-strip
configure:2607: result: arm-angstrom-linux-gnueabi-strip
configure:2672: checking for a thread-safe mkdir -p
configure:2711: result: /bin/mkdir -p
configure:2724: checking for gawk
configure:2740: found /usr/bin/gawk
configure:2751: result: gawk
configure:2762: checking whether make sets $(MAKE)
configure:2784: result: yes
configure:2873: checking for arm-angstrom-linux-gnueabi-gcc
configure:2889: found /usr/local/angstrom/arm/bin/arm-angstrom-linux-gnueabi-gcc
configure:2900: result: arm-angstrom-linux-gnueabi-gcc
configure:3169: checking for C compiler version
configure:3178: arm-angstrom-linux-gnueabi-gcc --version >&5
arm-angstrom-linux-gnueabi-gcc (GCC) 4.3.3
Copyright (C) 2008 Free Software Foundation, Inc.
This is free software; see the source for copying conditions.  There is NO
warranty; not even for MERCHANTABILITY or FITNESS FOR A PARTICULAR PURPOSE.

configure:3189: $? = 0
configure:3178: arm-angstrom-linux-gnueabi-gcc -v >&5
Using built-in specs.
Target: arm-angstrom-linux-gnueabi
Configured with: /OE/angstrom/build/tmp-angstrom_2008_1/work/i686-armv7a-sdk-angstrom-linux-gnueabi/gcc-cross-sdk-4.3.3-r23.4/gcc-4.3.3/configure --build=i686-linux --host=i686-linux --target=arm-angstrom-linux-gnueabi --prefix=/usr/local/angstrom/arm --exec_prefix=/usr/local/angstrom/arm --bindir=/usr/local/angstrom/arm/bin --sbindir=/usr/local/angstrom/arm/bin --libexecdir=/usr/local/angstrom/arm/libexec --datadir=/usr/local/angstrom/arm/share --sysconfdir=/usr/local/angstrom/arm/etc --sharedstatedir=/usr/local/angstrom/arm/share/com --localstatedir=/usr/local/angstrom/arm/var --libdir=/usr/local/angstrom/arm/lib --includedir=/usr/local/angstrom/arm/include --oldincludedir=/usr/local/angstrom/arm/include --infodir=/usr/local/angstrom/arm/share/info --mandir=/usr/local/angstrom/arm/share/man --enable-largefile --disable-nls --enable-ipv6 --with-gnu-ld --enable-shared --enable-languages=c,c++,objc,fortran --enable-threads=posix --disable-multilib --enable-c99 --enable-long-long --enable-symvers=gnu --enable-libstdcxx-pch --program-prefix=arm-angstrom-linux-gnueabi- --enable-target-optspace --enable-cheaders=c_std --enable-libssp --disable-bootstrap --disable-libgomp --disable-libmudflap --with-sysroot=/usr/local/angstrom/arm/arm-angstrom-linux-gnueabi --with-build-time-tools=/OE/angstrom/build/tmp-angstrom_2008_1/sysroots/i686-linux/usr/armv7a/arm-angstrom-linux-gnueabi/bin --with-build-sysroot=/OE/angstrom/build/tmp-angstrom_2008_1/sysroots/armv7a-angstrom-linux-gnueabi --disable-libunwind-exceptions --disable-libssp --disable-libgomp --disable-libmudflap --with-mpfr=/OE/angstrom/build/tmp-angstrom_2008_1/sysroots/i686-linux/usr --enable-__cxa_atexit
Thread model: posix
gcc version 4.3.3 (GCC) 
configure:3189: $? = 0
configure:3178: arm-angstrom-linux-gnueabi-gcc -V >&5
arm-angstrom-linux-gnueabi-gcc: '-V' option must have argument
configure:3189: $? = 1
configure:3178: arm-angstrom-linux-gnueabi-gcc -qversion >&5
arm-angstrom-linux-gnueabi-gcc: unrecognized option '-qversion'
arm-angstrom-linux-gnueabi-gcc: no input files
configure:3189: $? = 1
configure:3209: checking whether the C compiler works
configure:3231: arm-angstrom-linux-gnueabi-gcc    conftest.c  >&5
configure:3235: $? = 0
configure:3283: result: yes
configure:3286: checking for C compiler default output file name
configure:3288: result: a.out
configure:3294: checking for suffix of executables
configure:3301: arm-angstrom-linux-gnueabi-gcc -o conftest    conftest.c  >&5
configure:3305: $? = 0
configure:3327: result: 
configure:3349: checking whether we are cross compiling
configure:3357: arm-angstrom-linux-gnueabi-gcc -o conftest    conftest.c  >&5
configure:3361: $? = 0
configure:3368: ./conftest
./configure: line 3370: ./conftest: cannot execute binary file
configure:3372: $? = 126
configure:3387: result: yes
configure:3392: checking for suffix of object files
configure:3414: arm-angstrom-linux-gnueabi-gcc -c   conftest.c >&5
configure:3418: $? = 0
configure:3439: result: o
configure:3443: checking whether we are using the GNU C compiler
configure:3462: arm-angstrom-linux-gnueabi-gcc -c   conftest.c >&5
configure:3462: $? = 0
configure:3471: result: yes
configure:3480: checking whether arm-angstrom-linux-gnueabi-gcc accepts -g
configure:3500: arm-angstrom-linux-gnueabi-gcc -c -g  conftest.c >&5
configure:3500: $? = 0
configure:3541: result: yes
configure:3558: checking for arm-angstrom-linux-gnueabi-gcc option to accept ISO C89
configure:3622: arm-angstrom-linux-gnueabi-gcc  -c -g -O2  conftest.c >&5
configure:3622: $? = 0
configure:3635: result: none needed
configure:3666: checking for style of include used by make
configure:3694: result: GNU
configure:3719: checking dependency style of arm-angstrom-linux-gnueabi-gcc
configure:3829: result: gcc3
configure:3845: checking whether arm-angstrom-linux-gnueabi-gcc and cc understand -c and -o together
configure:3876: arm-angstrom-linux-gnueabi-gcc -c conftest.c -o conftest2.o >&5
configure:3880: $? = 0
configure:3886: arm-angstrom-linux-gnueabi-gcc -c conftest.c -o conftest2.o >&5
configure:3890: $? = 0
configure:3901: cc -c conftest.c >&5
configure:3905: $? = 0
configure:3913: cc -c conftest.c -o conftest2.o >&5
configure:3917: $? = 0
configure:3923: cc -c conftest.c -o conftest2.o >&5
configure:3927: $? = 0
configure:3945: result: yes
configure:3971: checking for an ANSI C-conforming const
configure:4036: arm-angstrom-linux-gnueabi-gcc -c -g -O2  conftest.c >&5
configure:4036: $? = 0
configure:4043: result: yes
configure:4380: checking for a sed that does not truncate output
configure:4444: result: /bin/sed
configure:4462: checking for grep that handles long lines and -e
configure:4520: result: /bin/grep
configure:4525: checking for egrep
configure:4587: result: /bin/grep -E
configure:4592: checking for fgrep
configure:4654: result: /bin/grep -F
configure:4689: checking for ld used by arm-angstrom-linux-gnueabi-gcc
configure:4756: result: /usr/local/angstrom/arm/arm-angstrom-linux-gnueabi/bin/ld
configure:4763: checking if the linker (/usr/local/angstrom/arm/arm-angstrom-linux-gnueabi/bin/ld) is GNU ld
configure:4778: result: yes
configure:4790: checking for BSD- or MS-compatible name lister (nm)
configure:4839: result: /usr/local/angstrom/arm/bin/arm-angstrom-linux-gnueabi-nm -B
configure:4957: checking the name lister (/usr/local/angstrom/arm/bin/arm-angstrom-linux-gnueabi-nm -B) interface
configure:4964: arm-angstrom-linux-gnueabi-gcc -c -g -O2  conftest.c >&5
configure:4967: /usr/local/angstrom/arm/bin/arm-angstrom-linux-gnueabi-nm -B "conftest.o"
configure:4970: output
00000000 B some_variable
configure:4977: result: BSD nm
configure:4980: checking whether ln -s works
configure:4984: result: yes
configure:4992: checking the maximum length of command line arguments
configure:5112: result: 1572864
configure:5129: checking whether the shell understands some XSI constructs
configure:5139: result: yes
configure:5143: checking whether the shell understands "+="
configure:5149: result: yes
configure:5184: checking for /usr/local/angstrom/arm/arm-angstrom-linux-gnueabi/bin/ld option to reload object files
configure:5191: result: -r
configure:5220: checking for arm-angstrom-linux-gnueabi-objdump
configure:5247: result: objdump
configure:5316: checking how to recognize dependent libraries
configure:5512: result: pass_all
configure:5532: checking for arm-angstrom-linux-gnueabi-ar
configure:5548: found /usr/local/angstrom/arm/bin/arm-angstrom-linux-gnueabi-ar
configure:5559: result: arm-angstrom-linux-gnueabi-ar
configure:5637: checking for arm-angstrom-linux-gnueabi-strip
configure:5664: result: arm-angstrom-linux-gnueabi-strip
configure:5736: checking for arm-angstrom-linux-gnueabi-ranlib
configure:5752: found /usr/local/angstrom/arm/bin/arm-angstrom-linux-gnueabi-ranlib
configure:5763: result: arm-angstrom-linux-gnueabi-ranlib
configure:5893: checking command to parse /usr/local/angstrom/arm/bin/arm-angstrom-linux-gnueabi-nm -B output from arm-angstrom-linux-gnueabi-gcc object
configure:6011: arm-angstrom-linux-gnueabi-gcc -c -g -O2  conftest.c >&5
configure:6014: $? = 0
configure:6018: /usr/local/angstrom/arm/bin/arm-angstrom-linux-gnueabi-nm -B conftest.o \| sed -n -e 's/^.*[	 ]\([ABCDGIRSTW][ABCDGIRSTW]*\)[	 ][	 ]*\([_A-Za-z][_A-Za-z0-9]*\)$/\1 \2 \2/p' \> conftest.nm
configure:6021: $? = 0
configure:6075: arm-angstrom-linux-gnueabi-gcc -o conftest -g -O2   conftest.c conftstm.o >&5
configure:6078: $? = 0
configure:6116: result: ok
configure:6924: checking how to run the C preprocessor
configure:6955: arm-angstrom-linux-gnueabi-gcc -E  conftest.c
configure:6955: $? = 0
configure:6969: arm-angstrom-linux-gnueabi-gcc -E  conftest.c
conftest.c:11:28: error: ac_nonexistent.h: No such file or directory
configure:6969: $? = 1
configure: failed program was:
| /* confdefs.h */
| #define PACKAGE_NAME ""
| #define PACKAGE_TARNAME ""
| #define PACKAGE_VERSION ""
| #define PACKAGE_STRING ""
| #define PACKAGE_BUGREPORT ""
| #define PACKAGE_URL ""
| #define PACKAGE "librfid"
| #define VERSION "0.2.0"
| /* end confdefs.h.  */
| #include <ac_nonexistent.h>
configure:6994: result: arm-angstrom-linux-gnueabi-gcc -E
configure:7014: arm-angstrom-linux-gnueabi-gcc -E  conftest.c
configure:7014: $? = 0
configure:7028: arm-angstrom-linux-gnueabi-gcc -E  conftest.c
conftest.c:11:28: error: ac_nonexistent.h: No such file or directory
configure:7028: $? = 1
configure: failed program was:
| /* confdefs.h */
| #define PACKAGE_NAME ""
| #define PACKAGE_TARNAME ""
| #define PACKAGE_VERSION ""
| #define PACKAGE_STRING ""
| #define PACKAGE_BUGREPORT ""
| #define PACKAGE_URL ""
| #define PACKAGE "librfid"
| #define VERSION "0.2.0"
| /* end confdefs.h.  */
| #include <ac_nonexistent.h>
configure:7057: checking for ANSI C header files
configure:7077: arm-angstrom-linux-gnueabi-gcc -c -g -O2  conftest.c >&5
configure:7077: $? = 0
configure:7161: result: yes
configure:7174: checking for sys/types.h
configure:7174: arm-angstrom-linux-gnueabi-gcc -c -g -O2  conftest.c >&5
configure:7174: $? = 0
configure:7174: result: yes
configure:7174: checking for sys/stat.h
configure:7174: arm-angstrom-linux-gnueabi-gcc -c -g -O2  conftest.c >&5
configure:7174: $? = 0
configure:7174: result: yes
configure:7174: checking for stdlib.h
configure:7174: arm-angstrom-linux-gnueabi-gcc -c -g -O2  conftest.c >&5
configure:7174: $? = 0
configure:7174: result: yes
configure:7174: checking for string.h
configure:7174: arm-angstrom-linux-gnueabi-gcc -c -g -O2  conftest.c >&5
configure:7174: $? = 0
configure:7174: result: yes
configure:7174: checking for memory.h
configure:7174: arm-angstrom-linux-gnueabi-gcc -c -g -O2  conftest.c >&5
configure:7174: $? = 0
configure:7174: result: yes
configure:7174: checking for strings.h
configure:7174: arm-angstrom-linux-gnueabi-gcc -c -g -O2  conftest.c >&5
configure:7174: $? = 0
configure:7174: result: yes
configure:7174: checking for inttypes.h
configure:7174: arm-angstrom-linux-gnueabi-gcc -c -g -O2  conftest.c >&5
configure:7174: $? = 0
configure:7174: result: yes
configure:7174: checking for stdint.h
configure:7174: arm-angstrom-linux-gnueabi-gcc -c -g -O2  conftest.c >&5
configure:7174: $? = 0
configure:7174: result: yes
configure:7174: checking for unistd.h
configure:7174: arm-angstrom-linux-gnueabi-gcc -c -g -O2  conftest.c >&5
configure:7174: $? = 0
configure:7174: result: yes
configure:7188: checking for dlfcn.h
configure:7188: arm-angstrom-linux-gnueabi-gcc -c -g -O2  conftest.c >&5
configure:7188: $? = 0
configure:7188: result: yes
configure:7370: checking for objdir
configure:7385: result: .libs
configure:7677: checking if arm-angstrom-linux-gnueabi-gcc supports -fno-rtti -fno-exceptions
configure:7695: arm-angstrom-linux-gnueabi-gcc -c -g -O2  -fno-rtti -fno-exceptions conftest.c >&5
cc1: warning: command line option "-fno-rtti" is valid for C++/ObjC++ but not for C
configure:7699: $? = 0
configure:7712: result: no
configure:7732: checking for arm-angstrom-linux-gnueabi-gcc option to produce PIC
configure:8004: result: -fPIC -DPIC
configure:8016: checking if arm-angstrom-linux-gnueabi-gcc PIC flag -fPIC -DPIC works
configure:8034: arm-angstrom-linux-gnueabi-gcc -c -g -O2  -fPIC -DPIC -DPIC conftest.c >&5
configure:8038: $? = 0
configure:8051: result: yes
configure:8075: checking if arm-angstrom-linux-gnueabi-gcc static flag -static works
configure:8103: result: yes
configure:8118: checking if arm-angstrom-linux-gnueabi-gcc supports -c -o file.o
configure:8139: arm-angstrom-linux-gnueabi-gcc -c -g -O2  -o out/conftest2.o conftest.c >&5
configure:8143: $? = 0
configure:8165: result: yes
configure:8173: checking if arm-angstrom-linux-gnueabi-gcc supports -c -o file.o
configure:8220: result: yes
configure:8253: checking whether the arm-angstrom-linux-gnueabi-gcc linker (/usr/local/angstrom/arm/arm-angstrom-linux-gnueabi/bin/ld) supports shared libraries
configure:9244: result: yes
configure:9281: checking whether -lc should be explicitly linked in
configure:9286: arm-angstrom-linux-gnueabi-gcc -c -g -O2  conftest.c >&5
configure:9289: $? = 0
configure:9304: arm-angstrom-linux-gnueabi-gcc -shared conftest.o  -v -Wl,-soname -Wl,conftest -o conftest 2\>\&1 \| /bin/grep  -lc  \>/dev/null 2\>\&1
configure:9307: $? = 0
configure:9319: result: no
configure:9483: checking dynamic linker characteristics
configure:9916: arm-angstrom-linux-gnueabi-gcc -o conftest -g -O2   -Wl,-rpath -Wl,/foo conftest.c  >&5
configure:9916: $? = 0
configure:10146: result: GNU/Linux ld.so
configure:10248: checking how to hardcode library paths into programs
configure:10273: result: immediate
configure:10793: checking whether stripping libraries is possible
configure:10798: result: yes
configure:10833: checking if libtool supports shared libraries
configure:10835: result: yes
configure:10838: checking whether to build shared libraries
configure:10859: result: yes
configure:10862: checking whether to build static libraries
configure:10866: result: yes
configure:10903: checking for build environment
configure:10910: result: UNIX
configure:10930: checking whether byte ordering is bigendian
configure:10945: arm-angstrom-linux-gnueabi-gcc -c -g -O2  conftest.c >&5
conftest.c:24: error: expected '=', ',', ';', 'asm' or '__attribute__' before 'a'
configure:10945: $? = 1
configure: failed program was:
| /* confdefs.h */
| #define PACKAGE_NAME ""
| #define PACKAGE_TARNAME ""
| #define PACKAGE_VERSION ""
| #define PACKAGE_STRING ""
| #define PACKAGE_BUGREPORT ""
| #define PACKAGE_URL ""
| #define PACKAGE "librfid"
| #define VERSION "0.2.0"
| #define STDC_HEADERS 1
| #define HAVE_SYS_TYPES_H 1
| #define HAVE_SYS_STAT_H 1
| #define HAVE_STDLIB_H 1
| #define HAVE_STRING_H 1
| #define HAVE_MEMORY_H 1
| #define HAVE_STRINGS_H 1
| #define HAVE_INTTYPES_H 1
| #define HAVE_STDINT_H 1
| #define HAVE_UNISTD_H 1
| #define HAVE_DLFCN_H 1
| #define LT_OBJDIR ".libs/"
| /* end confdefs.h.  */
| #ifndef __APPLE_CC__
| 	       not a universal capable compiler
| 	     #endif
| 	     typedef int dummy;
| 
configure:10990: arm-angstrom-linux-gnueabi-gcc -c -g -O2  conftest.c >&5
configure:10990: $? = 0
configure:11008: arm-angstrom-linux-gnueabi-gcc -c -g -O2  conftest.c >&5
conftest.c: In function 'main':
conftest.c:30: error: 'not' undeclared (first use in this function)
conftest.c:30: error: (Each undeclared identifier is reported only once
conftest.c:30: error: for each function it appears in.)
conftest.c:30: error: expected ';' before 'big'
configure:11008: $? = 1
configure: failed program was:
| /* confdefs.h */
| #define PACKAGE_NAME ""
| #define PACKAGE_TARNAME ""
| #define PACKAGE_VERSION ""
| #define PACKAGE_STRING ""
| #define PACKAGE_BUGREPORT ""
| #define PACKAGE_URL ""
| #define PACKAGE "librfid"
| #define VERSION "0.2.0"
| #define STDC_HEADERS 1
| #define HAVE_SYS_TYPES_H 1
| #define HAVE_SYS_STAT_H 1
| #define HAVE_STDLIB_H 1
| #define HAVE_STRING_H 1
| #define HAVE_MEMORY_H 1
| #define HAVE_STRINGS_H 1
| #define HAVE_INTTYPES_H 1
| #define HAVE_STDINT_H 1
| #define HAVE_UNISTD_H 1
| #define HAVE_DLFCN_H 1
| #define LT_OBJDIR ".libs/"
| /* end confdefs.h.  */
| #include <sys/types.h>
| 		#include <sys/param.h>
| 
| int
| main ()
| {
| #if BYTE_ORDER != BIG_ENDIAN
| 		 not big endian
| 		#endif
| 
|   ;
|   return 0;
| }
configure:11136: result: no
configure:11252: checking for usb_close in -lusb
configure:11277: arm-angstrom-linux-gnueabi-gcc -o conftest -g -O2   conftest.c -lusb   >&5
configure:11277: $? = 0
configure:11286: result: yes
configure:11493: creating ./config.status

## ---------------------- ##
## Running config.status. ##
## ---------------------- ##

This file was extended by config.status, which was
generated by GNU Autoconf 2.67.  Invocation command line was

  CONFIG_FILES    = 
  CONFIG_HEADERS  = 
  CONFIG_LINKS    = 
  CONFIG_COMMANDS = 
  $ ./config.status 

on asus

config.status:1027: creating Makefile
config.status:1027: creating etc/Makefile
config.status:1027: creating etc/udev/Makefile
config.status:1027: creating src/Makefile
config.status:1027: creating include/Makefile
config.status:1027: creating include/librfid/Makefile
config.status:1027: creating utils/Makefile
config.status:1027: creating src/librfid.pc
config.status:1027: creating win32/Makefile
config.status:1198: executing depfiles commands
config.status:1198: executing libtool commands

## ---------------- ##
## Cache variables. ##
## ---------------- ##

ac_cv_build=i686-pc-linux-gnu
ac_cv_c_bigendian=no
ac_cv_c_compiler_gnu=yes
ac_cv_c_const=yes
ac_cv_env_CC_set=
ac_cv_env_CC_value=
ac_cv_env_CFLAGS_set=
ac_cv_env_CFLAGS_value=
ac_cv_env_CPPFLAGS_set=
ac_cv_env_CPPFLAGS_value=
ac_cv_env_CPP_set=
ac_cv_env_CPP_value=
ac_cv_env_LDFLAGS_set=
ac_cv_env_LDFLAGS_value=
ac_cv_env_LIBS_set=
ac_cv_env_LIBS_value=
ac_cv_env_build_alias_set=
ac_cv_env_build_alias_value=
ac_cv_env_host_alias_set=set
ac_cv_env_host_alias_value=arm-angstrom-linux-gnueabi
ac_cv_env_target_alias_set=
ac_cv_env_target_alias_value=
ac_cv_header_dlfcn_h=yes
ac_cv_header_inttypes_h=yes
ac_cv_header_memory_h=yes
ac_cv_header_stdc=yes
ac_cv_header_stdint_h=yes
ac_cv_header_stdlib_h=yes
ac_cv_header_string_h=yes
ac_cv_header_strings_h=yes
ac_cv_header_sys_stat_h=yes
ac_cv_header_sys_types_h=yes
ac_cv_header_unistd_h=yes
ac_cv_host=arm-angstrom-linux-gnueabi
ac_cv_lib_usb_usb_close=yes
ac_cv_objext=o
ac_cv_path_EGREP='/bin/grep -E'
ac_cv_path_FGREP='/bin/grep -F'
ac_cv_path_GREP=/bin/grep
ac_cv_path_SED=/bin/sed
ac_cv_path_install='/usr/bin/install -c'
ac_cv_path_mkdir=/bin/mkdir
ac_cv_prog_AR=arm-angstrom-linux-gnueabi-ar
ac_cv_prog_AWK=gawk
ac_cv_prog_CC=arm-angstrom-linux-gnueabi-gcc
ac_cv_prog_CPP='arm-angstrom-linux-gnueabi-gcc -E'
ac_cv_prog_OBJDUMP=objdump
ac_cv_prog_RANLIB=arm-angstrom-linux-gnueabi-ranlib
ac_cv_prog_STRIP=arm-angstrom-linux-gnueabi-strip
ac_cv_prog_cc_arm_angstrom_linux_gnueabi_gcc_c_o=yes
ac_cv_prog_cc_c89=
ac_cv_prog_cc_g=yes
ac_cv_prog_make_make_set=yes
ac_cv_target=arm-angstrom-linux-gnueabi
am_cv_CC_dependencies_compiler_type=gcc3
lt_cv_deplibs_check_method=pass_all
lt_cv_file_magic_cmd='$MAGIC_CMD'
lt_cv_file_magic_test_file=
lt_cv_ld_reload_flag=-r
lt_cv_nm_interface='BSD nm'
lt_cv_objdir=.libs
lt_cv_path_LD=/usr/local/angstrom/arm/arm-angstrom-linux-gnueabi/bin/ld
lt_cv_path_NM='/usr/local/angstrom/arm/bin/arm-angstrom-linux-gnueabi-nm -B'
lt_cv_prog_compiler_c_o=yes
lt_cv_prog_compiler_pic_works=yes
lt_cv_prog_compiler_rtti_exceptions=no
lt_cv_prog_compiler_static_works=yes
lt_cv_prog_gnu_ld=yes
lt_cv_sys_global_symbol_pipe='sed -n -e '\''s/^.*[	 ]\([ABCDGIRSTW][ABCDGIRSTW]*\)[	 ][	 ]*\([_A-Za-z][_A-Za-z0-9]*\)$/\1 \2 \2/p'\'''
lt_cv_sys_global_symbol_to_c_name_address='sed -n -e '\''s/^: \([^ ]*\) $/  {\"\1\", (void *) 0},/p'\'' -e '\''s/^[ABCDGIRSTW]* \([^ ]*\) \([^ ]*\)$/  {"\2", (void *) \&\2},/p'\'''
lt_cv_sys_global_symbol_to_c_name_address_lib_prefix='sed -n -e '\''s/^: \([^ ]*\) $/  {\"\1\", (void *) 0},/p'\'' -e '\''s/^[ABCDGIRSTW]* \([^ ]*\) \(lib[^ ]*\)$/  {"\2", (void *) \&\2},/p'\'' -e '\''s/^[ABCDGIRSTW]* \([^ ]*\) \([^ ]*\)$/  {"lib\2", (void *) \&\2},/p'\'''
lt_cv_sys_global_symbol_to_cdecl='sed -n -e '\''s/^T .* \(.*\)$/extern int \1();/p'\'' -e '\''s/^[ABCDGIRSTW]* .* \(.*\)$/extern char \1;/p'\'''
lt_cv_sys_max_cmd_len=1572864

## ----------------- ##
## Output variables. ##
## ----------------- ##

ACLOCAL='${SHELL} /home/proyecto/rf2/ant_RF/beagle/librfid-0.2.0_svn/missing --run aclocal-1.11'
AMDEPBACKSLASH='\'
AMDEP_FALSE='#'
AMDEP_TRUE=''
AMTAR='${SHELL} /home/proyecto/rf2/ant_RF/beagle/librfid-0.2.0_svn/missing --run tar'
AR='arm-angstrom-linux-gnueabi-ar'
AS='as'
AUTOCONF='${SHELL} /home/proyecto/rf2/ant_RF/beagle/librfid-0.2.0_svn/missing --run autoconf'
AUTOHEADER='${SHELL} /home/proyecto/rf2/ant_RF/beagle/librfid-0.2.0_svn/missing --run autoheader'
AUTOMAKE='${SHELL} /home/proyecto/rf2/ant_RF/beagle/librfid-0.2.0_svn/missing --run automake-1.11'
AWK='gawk'
BUILDENV='UNIX'
CC='arm-angstrom-linux-gnueabi-gcc'
CCDEPMODE='depmode=gcc3'
CFLAGS='-g -O2'
CPP='arm-angstrom-linux-gnueabi-gcc -E'
CPPFLAGS=''
CYGPATH_W='echo'
DEFS='-DPACKAGE_NAME=\"\" -DPACKAGE_TARNAME=\"\" -DPACKAGE_VERSION=\"\" -DPACKAGE_STRING=\"\" -DPACKAGE_BUGREPORT=\"\" -DPACKAGE_URL=\"\" -DPACKAGE=\"librfid\" -DVERSION=\"0.2.0\" -DSTDC_HEADERS=1 -DHAVE_SYS_TYPES_H=1 -DHAVE_SYS_STAT_H=1 -DHAVE_STDLIB_H=1 -DHAVE_STRING_H=1 -DHAVE_MEMORY_H=1 -DHAVE_STRINGS_H=1 -DHAVE_INTTYPES_H=1 -DHAVE_STDINT_H=1 -DHAVE_UNISTD_H=1 -DHAVE_DLFCN_H=1 -DLT_OBJDIR=\".libs/\"'
DEPDIR='.deps'
DISABLE_WIN32_FALSE='#'
DISABLE_WIN32_TRUE=''
DLLTOOL='dlltool'
DSYMUTIL=''
DUMPBIN=''
ECHO_C=''
ECHO_N='-n'
ECHO_T=''
EGREP='/bin/grep -E'
ENABLE_CCID_FALSE=''
ENABLE_CCID_TRUE='#'
ENABLE_FIRMWARE_FALSE=''
ENABLE_FIRMWARE_TRUE='#'
ENABLE_SPIDEV_FALSE='#'
ENABLE_SPIDEV_TRUE=''
ENABLE_STATIC_FALSE='#'
ENABLE_STATIC_TRUE=''
ENABLE_WIN32_FALSE=''
ENABLE_WIN32_TRUE='#'
EXEEXT=''
FGREP='/bin/grep -F'
FIRMWARE_PATH=''
GREP='/bin/grep'
HAVE_LIBUSB_FALSE='#'
HAVE_LIBUSB_TRUE=''
HAVE_OPENCT_FALSE=''
HAVE_OPENCT_TRUE='#'
INSTALL_DATA='${INSTALL} -m 644'
INSTALL_PROGRAM='${INSTALL}'
INSTALL_SCRIPT='${INSTALL}'
INSTALL_STRIP_PROGRAM='$(install_sh) -c -s'
LD='/usr/local/angstrom/arm/arm-angstrom-linux-gnueabi/bin/ld'
LDFLAGS=''
LIBOBJS=''
LIBS=''
LIBTOOL='$(SHELL) $(top_builddir)/libtool'
LIBTOOL_DEPS='./ltmain.sh'
LIPO=''
LN_S='ln -s'
LTLIBOBJS=''
MAKEINFO='${SHELL} /home/proyecto/rf2/ant_RF/beagle/librfid-0.2.0_svn/missing --run makeinfo'
MKDIR_P='/bin/mkdir -p'
NM='/usr/local/angstrom/arm/bin/arm-angstrom-linux-gnueabi-nm -B'
NMEDIT=''
OBJDUMP='objdump'
OBJEXT='o'
OPENCT_CFLAGS=''
OPENCT_LIBS=''
OTOOL64=''
OTOOL=''
PACKAGE='librfid'
PACKAGE_BUGREPORT=''
PACKAGE_NAME=''
PACKAGE_STRING=''
PACKAGE_TARNAME=''
PACKAGE_URL=''
PACKAGE_VERSION=''
PATH_SEPARATOR=':'
RANLIB='arm-angstrom-linux-gnueabi-ranlib'
SED='/bin/sed'
SET_MAKE=''
SHELL='/bin/sh'
STRIP='arm-angstrom-linux-gnueabi-strip'
VERSION='0.2.0'
ac_ct_CC=''
ac_ct_DUMPBIN=''
am__EXEEXT_FALSE=''
am__EXEEXT_TRUE='#'
am__fastdepCC_FALSE='#'
am__fastdepCC_TRUE=''
am__include='include'
am__isrc=''
am__leading_dot='.'
am__quote=''
am__tar='${AMTAR} chof - "$$tardir"'
am__untar='${AMTAR} xf -'
bindir='${exec_prefix}/bin'
build='i686-pc-linux-gnu'
build_alias=''
build_cpu='i686'
build_os='linux-gnu'
build_vendor='pc'
datadir='${datarootdir}'
datarootdir='${prefix}/share'
docdir='${datarootdir}/doc/${PACKAGE}'
dvidir='${docdir}'
exec_prefix='${prefix}'
host='arm-angstrom-linux-gnueabi'
host_alias='arm-angstrom-linux-gnueabi'
host_cpu='arm'
host_os='linux-gnueabi'
host_vendor='angstrom'
htmldir='${docdir}'
includedir='${prefix}/include'
infodir='${datarootdir}/info'
install_sh='${SHELL} /home/proyecto/rf2/ant_RF/beagle/librfid-0.2.0_svn/install-sh'
libdir='${exec_prefix}/lib'
libexecdir='${exec_prefix}/libexec'
localedir='${datarootdir}/locale'
localstatedir='${prefix}/var'
lt_ECHO='echo'
mandir='${datarootdir}/man'
mkdir_p='/bin/mkdir -p'
oldincludedir='/usr/include'
pdfdir='${docdir}'
prefix='/home/proyecto/work'
program_transform_name='s,x,x,'
psdir='${docdir}'
sbindir='${exec_prefix}/sbin'
sharedstatedir='${prefix}/com'
sysconfdir='${prefix}/etc'
target='arm-angstrom-linux-gnueabi'
target_alias=''
target_cpu='arm'
target_os='linux-gnueabi'
target_vendor='angstrom'

## ----------- ##
## confdefs.h. ##
## ----------- ##

/* confdefs.h */
#define PACKAGE_NAME ""
#define PACKAGE_TARNAME ""
#define PACKAGE_VERSION ""
#define PACKAGE_STRING ""
#define PACKAGE_BUGREPORT ""
#define PACKAGE_URL ""
#define PACKAGE "librfid"
#define VERSION "0.2.0"
#define STDC_HEADERS 1
#define HAVE_SYS_TYPES_H 1
#define HAVE_SYS_STAT_H 1
#define HAVE_STDLIB_H 1
#define HAVE_STRING_H 1
#define HAVE_MEMORY_H 1
#define HAVE_STRINGS_H 1
#define HAVE_INTTYPES_H 1
#define HAVE_STDINT_H 1
#define HAVE_UNISTD_H 1
#define HAVE_DLFCN_H 1
#define LT_OBJDIR ".libs/"

configure: exit 0
