\BOOKMARK [1][-]{section*.1}{T\355tulo}{}
\BOOKMARK [1][-]{section*.1}{Resumen}{}
\BOOKMARK [1][-]{section*.1}{Agradecimientos}{}
\BOOKMARK [1][-]{section*.1}{Dedicatoria}{}
\BOOKMARK [1][-]{section*.1}{Prefacio}{}
\BOOKMARK [1][-]{section*.1}{Tabla de contenidos}{}
\BOOKMARK [1][-]{chapter*.3}{\315ndice de figuras}{}
\BOOKMARK [1][-]{chapter*.4}{\315ndice de cuadros}{}
\BOOKMARK [-1][-]{part.1}{I Introducci\363n}{}
\BOOKMARK [0][-]{chapter.1}{Descripci\363n del proyecto}{part.1}
\BOOKMARK [1][-]{section.1.1}{Definici\363n}{chapter.1}
\BOOKMARK [1][-]{section.1.2}{Antecedentes}{chapter.1}
\BOOKMARK [0][-]{chapter.2}{Objetivo general del proyecto}{part.1}
\BOOKMARK [1][-]{section.2.1}{\277Qu\351 y para qu\351?}{chapter.2}
\BOOKMARK [1][-]{section.2.2}{\277Por qu\351 cambiar la arquitectura actual?}{chapter.2}
\BOOKMARK [1][-]{section.2.3}{Alcance}{chapter.2}
\BOOKMARK [1][-]{section.2.4}{Especificaci\363n funcional}{chapter.2}
\BOOKMARK [1][-]{section.2.5}{Criterios de \351xito}{chapter.2}
\BOOKMARK [-1][-]{part.2}{II Dise'no}{}
\BOOKMARK [0][-]{chapter.3}{Funcionamiento del prototipo}{part.2}
\BOOKMARK [1][-]{section.3.1}{Requerimientos}{chapter.3}
\BOOKMARK [1][-]{section.3.2}{Funcionamiento general del prototipo}{chapter.3}
\BOOKMARK [0][-]{chapter.4}{Hardware}{part.2}
\BOOKMARK [1][-]{section.4.1}{Arquitecturas estudiadas}{chapter.4}
\BOOKMARK [1][-]{section.4.2}{Arquitectura seleccionada}{chapter.4}
\BOOKMARK [1][-]{section.4.3}{Elecci\363n de hardware, m\363dulos}{chapter.4}
\BOOKMARK [2][-]{subsection.4.3.1}{SBC}{section.4.3}
\BOOKMARK [2][-]{subsection.4.3.2}{VLT - Conversor de Voltajes}{section.4.3}
\BOOKMARK [2][-]{subsection.4.3.3}{SCUI - Lector de tarjetas de contacto e Interfaz de Usuario}{section.4.3}
\BOOKMARK [2][-]{subsection.4.3.4}{Lector-Escritor RFID}{section.4.3}
\BOOKMARK [1][-]{section.4.4}{Funcionamiento de m\363dulos}{chapter.4}
\BOOKMARK [2][-]{subsection.4.4.1}{SBC}{section.4.4}
\BOOKMARK [2][-]{subsection.4.4.2}{VLT - Conversor de Voltajes}{section.4.4}
\BOOKMARK [2][-]{subsection.4.4.3}{SCUI - Lector de tarjetas de contacto e Interfaz de Usuario}{section.4.4}
\BOOKMARK [2][-]{subsection.4.4.4}{Lector-Escritor RFID}{section.4.4}
\BOOKMARK [0][-]{chapter.5}{Documentos y esquem\341ticos del hardware}{part.2}
\BOOKMARK [1][-]{section.5.1}{Herramientas de dise\361o}{chapter.5}
\BOOKMARK [2][-]{subsection.5.1.1}{SBC}{section.5.1}
\BOOKMARK [2][-]{subsection.5.1.2}{VLT - Conversor de Voltajes}{section.5.1}
\BOOKMARK [2][-]{subsection.5.1.3}{SCUI - Lector de tarjetas de contacto e Interfaz de Usuario}{section.5.1}
\BOOKMARK [2][-]{subsection.5.1.4}{Lector-Escritor RFID}{section.5.1}
\BOOKMARK [0][-]{chapter.6}{Software}{part.2}
\BOOKMARK [1][-]{section.6.1}{Introducci\363n}{chapter.6}
\BOOKMARK [1][-]{section.6.2}{Arquitectura de Software}{chapter.6}
\BOOKMARK [2][-]{subsection.6.2.1}{Descripci\363n}{section.6.2}
\BOOKMARK [2][-]{subsection.6.2.2}{Sistema Operativo}{section.6.2}
\BOOKMARK [2][-]{subsection.6.2.3}{Librer\355as}{section.6.2}
\BOOKMARK [1][-]{section.6.3}{Herramientas utilizadas en el desarrollo del sistema}{chapter.6}
\BOOKMARK [2][-]{subsection.6.3.1}{Introducci\363n}{section.6.3}
\BOOKMARK [2][-]{subsection.6.3.2}{Generaci\363n de MLO, u-boot.bin y uImage}{section.6.3}
\BOOKMARK [2][-]{subsection.6.3.3}{Generaci\363n de FS}{section.6.3}
\BOOKMARK [2][-]{subsection.6.3.4}{Croscompilaci\363n}{section.6.3}
\BOOKMARK [2][-]{subsection.6.3.5}{Depuraci\363n de c\363digo}{section.6.3}
\BOOKMARK [2][-]{subsection.6.3.6}{Librer\355as}{section.6.3}
\BOOKMARK [1][-]{section.6.4}{Desarrollo}{chapter.6}
\BOOKMARK [2][-]{subsection.6.4.1}{MLO}{section.6.4}
\BOOKMARK [2][-]{subsection.6.4.2}{u-boot}{section.6.4}
\BOOKMARK [2][-]{subsection.6.4.3}{uImage}{section.6.4}
\BOOKMARK [2][-]{subsection.6.4.4}{FileSystem}{section.6.4}
\BOOKMARK [2][-]{subsection.6.4.5}{Librer\355as}{section.6.4}
\BOOKMARK [1][-]{section.6.5}{Ejecuci\363n de programa principal}{chapter.6}
\BOOKMARK [2][-]{subsection.6.5.1}{Script para ejecuci\363n aut\363noma}{section.6.5}
\BOOKMARK [-1][-]{part.3}{III Compras}{}
\BOOKMARK [-1][-]{part.4}{IV Anexos}{}
\BOOKMARK [-1][-]{part.5}{V Bibliograf\355a}{}
